[INFO] 
NOTE: Maven is executing in offline mode. Any artifacts not already in your local
repository will be inaccessible.

[INFO] Scanning for projects...
WAGON_VERSION: 1.0-beta-2
[INFO] ------------------------------------------------------------------------
[INFO] Building Workflow Processes (Core)
[INFO]    task-segment: [test]
[INFO] ------------------------------------------------------------------------
[INFO] [enforcer:enforce {execution: enforce-versions}]
[INFO] [resources:resources]
[INFO] Using default encoding to copy filtered resources.
[INFO] [compiler:compile]
[INFO] Nothing to compile - all classes are up to date
[INFO] [resources:testResources]
[INFO] Using default encoding to copy filtered resources.
[INFO] [compiler:testCompile]
[INFO] Compiling 1 source file to C:\data\transfer\trunk\core\workflow-processes-core\target\test-classes
[INFO] [surefire:test]
[INFO] Surefire report directory: C:\data\transfer\trunk\core\workflow-processes-core\target\surefire-reports

-------------------------------------------------------
 T E S T S
-------------------------------------------------------
Running gov.loc.repository.workflow.actionhandlers.AddFileLocationEventActionHandlerTest
19:21:13,828 [main] INFO  HibernateUtil : Preparing connection for SUPER_USER
19:21:13,968 [main] DEBUG ResourceResolver : Finding resource list for conf/packagemodeler.*.hibernate.cfg.xml
19:21:13,984 [main] DEBUG ResourceResolver : Matching resource jar:file:/C:/Documents%20and%20Settings/Wendy%20Littman/.m2/repository/loc-repository/packagemodeler-core/1.5-SNAPSHOT/packagemodeler-core-1.5-SNAPSHOT.jar!/conf/packagemodeler.core.hibernate.cfg.xml
19:21:13,984 [main] DEBUG HibernateUtil : Using hibernate.cfg.xml: jar:file:/C:/Documents%20and%20Settings/Wendy%20Littman/.m2/repository/loc-repository/packagemodeler-core/1.5-SNAPSHOT/packagemodeler-core-1.5-SNAPSHOT.jar!/conf/packagemodeler.core.hibernate.cfg.xml
19:21:14,468 [main] DEBUG HibernateUtil : Since resource conf/super_user.packagemodeler.hibernate.properties not found, trying packagemodeler.hibernate.properties
19:21:14,468 [main] DEBUG HibernateUtil : Using hibernate.properties: conf/packagemodeler.hibernate.properties
19:21:15,343 [main] INFO  HibernateUtil : Creating schemas
19:21:15,390 [main] DEBUG HibernateUtil : Schema core doesnt already exist
19:21:15,390 [main] DEBUG HibernateUtil : create schema core authorization dba;
19:21:15,390 [main] DEBUG HibernateUtil : Schema agent doesnt already exist
19:21:15,390 [main] DEBUG HibernateUtil : create schema agent authorization dba;
19:21:15,390 [main] INFO  HibernateUtil : Dropping database
19:21:15,406 [main] INFO  HibernateUtil : Creating database
19:21:15,421 [main] ERROR SchemaExport : Unsuccessful: alter table core.event_file_examination_group add constraint FK83AF4BF33BC993B6 foreign key (performing_agent_key) references agent.agent
19:21:15,421 [main] ERROR SchemaExport : invalid schema name: AGENT in statement [alter table core.event_file_examination_group add constraint FK83AF4BF33BC993B6 foreign key (performing_agent_key) references agent.agent]
19:21:15,421 [main] ERROR SchemaExport : Unsuccessful: alter table core.event_file_examination_group add constraint FK83AF4BF3AEED74C3 foreign key (reporting_agent_key) references agent.agent
19:21:15,421 [main] ERROR SchemaExport : invalid schema name: AGENT in statement [alter table core.event_file_examination_group add constraint FK83AF4BF3AEED74C3 foreign key (reporting_agent_key) references agent.agent]
19:21:15,421 [main] ERROR SchemaExport : Unsuccessful: alter table core.event_file_examination_group add constraint FK83AF4BF3B7A8A348 foreign key (requesting_agent_key) references agent.agent
19:21:15,421 [main] ERROR SchemaExport : invalid schema name: AGENT in statement [alter table core.event_file_examination_group add constraint FK83AF4BF3B7A8A348 foreign key (requesting_agent_key) references agent.agent]
19:21:15,421 [main] ERROR SchemaExport : Unsuccessful: alter table core.event_file_location add constraint FKE01DF633D882A5E9 foreign key (repository_system_key) references agent.agent
19:21:15,421 [main] ERROR SchemaExport : invalid schema name: AGENT in statement [alter table core.event_file_location add constraint FKE01DF633D882A5E9 foreign key (repository_system_key) references agent.agent]
19:21:15,437 [main] ERROR SchemaExport : Unsuccessful: alter table core.event_file_location add constraint FKE01DF6333BC993B6 foreign key (performing_agent_key) references agent.agent
19:21:15,437 [main] ERROR SchemaExport : invalid schema name: AGENT in statement [alter table core.event_file_location add constraint FKE01DF6333BC993B6 foreign key (performing_agent_key) references agent.agent]
19:21:15,437 [main] ERROR SchemaExport : Unsuccessful: alter table core.event_file_location add constraint FKE01DF633AEED74C3 foreign key (reporting_agent_key) references agent.agent
19:21:15,437 [main] ERROR SchemaExport : invalid schema name: AGENT in statement [alter table core.event_file_location add constraint FKE01DF633AEED74C3 foreign key (reporting_agent_key) references agent.agent]
19:21:15,437 [main] ERROR SchemaExport : Unsuccessful: alter table core.event_file_location add constraint FKE01DF633B7A8A348 foreign key (requesting_agent_key) references agent.agent
19:21:15,437 [main] ERROR SchemaExport : invalid schema name: AGENT in statement [alter table core.event_file_location add constraint FKE01DF633B7A8A348 foreign key (requesting_agent_key) references agent.agent]
19:21:15,437 [main] ERROR SchemaExport : Unsuccessful: alter table core.event_package add constraint FKE6D413A13BC993B6 foreign key (performing_agent_key) references agent.agent
19:21:15,437 [main] ERROR SchemaExport : invalid schema name: AGENT in statement [alter table core.event_package add constraint FKE6D413A13BC993B6 foreign key (performing_agent_key) references agent.agent]
19:21:15,437 [main] ERROR SchemaExport : Unsuccessful: alter table core.event_package add constraint FKE6D413A1AEED74C3 foreign key (reporting_agent_key) references agent.agent
19:21:15,437 [main] ERROR SchemaExport : invalid schema name: AGENT in statement [alter table core.event_package add constraint FKE6D413A1AEED74C3 foreign key (reporting_agent_key) references agent.agent]
19:21:15,437 [main] ERROR SchemaExport : Unsuccessful: alter table core.event_package add constraint FKE6D413A1B7A8A348 foreign key (requesting_agent_key) references agent.agent
19:21:15,437 [main] ERROR SchemaExport : invalid schema name: AGENT in statement [alter table core.event_package add constraint FKE6D413A1B7A8A348 foreign key (requesting_agent_key) references agent.agent]
19:21:15,437 [main] ERROR SchemaExport : Unsuccessful: alter table core.storagesystem_filelocation add constraint FK78BB12E6557FE28F foreign key (storagesystem_key) references agent.agent
19:21:15,437 [main] ERROR SchemaExport : invalid schema name: AGENT in statement [alter table core.storagesystem_filelocation add constraint FK78BB12E6557FE28F foreign key (storagesystem_key) references agent.agent]
19:21:15,437 [main] DEBUG HibernateUtil : Adding sessionFactory for SUPER_USER
19:21:17,343 [main] DEBUG LocalSessionFactoryBean : loading defaults in jbpm configuration
19:21:17,375 [main] DEBUG LocalSessionFactoryBean : loading specific configuration...
19:21:18,656 [main] INFO  LocalSessionFactoryBean : Building new Hibernate SessionFactory
19:21:20,234 [main] INFO  LocalSessionFactoryBean : Updating database schema for Hibernate SessionFactory
19:21:20,468 [main] DEBUG LocalSessionFactoryBean : Executing schema statement: create table JBPM_ACTION (ID_ bigint generated by default as identity (start with 1), class char(1) not null, NAME_ varchar(255), ISPROPAGATIONALLOWED_ bit, ACTIONEXPRESSION_ varchar(255), ISASYNC_ bit, REFERENCEDACTION_ bigint, ACTIONDELEGATION_ bigint, EVENT_ bigint, PROCESSDEFINITION_ bigint, TIMERNAME_ varchar(255), DUEDATE_ varchar(255), REPEAT_ varchar(255), TRANSITIONNAME_ varchar(255), TIMERACTION_ bigint, EXPRESSION_ varchar(4000), EVENTINDEX_ integer, EXCEPTIONHANDLER_ bigint, EXCEPTIONHANDLERINDEX_ integer, primary key (ID_))
19:21:20,468 [main] DEBUG LocalSessionFactoryBean : Executing schema statement: create table JBPM_BYTEARRAY (ID_ bigint generated by default as identity (start with 1), NAME_ varchar(255), FILEDEFINITION_ bigint, primary key (ID_))
19:21:20,468 [main] DEBUG LocalSessionFactoryBean : Executing schema statement: create table JBPM_BYTEBLOCK (PROCESSFILE_ bigint not null, BYTES_ varbinary(1024), INDEX_ integer not null, primary key (PROCESSFILE_, INDEX_))
19:21:20,468 [main] DEBUG LocalSessionFactoryBean : Executing schema statement: create table JBPM_COMMENT (ID_ bigint generated by default as identity (start with 1), VERSION_ integer not null, ACTORID_ varchar(255), TIME_ timestamp, MESSAGE_ varchar(4000), TOKEN_ bigint, TASKINSTANCE_ bigint, TOKENINDEX_ integer, TASKINSTANCEINDEX_ integer, primary key (ID_))
19:21:20,468 [main] DEBUG LocalSessionFactoryBean : Executing schema statement: create table JBPM_DECISIONCONDITIONS (DECISION_ bigint not null, TRANSITIONNAME_ varchar(255), EXPRESSION_ varchar(255), INDEX_ integer not null, primary key (DECISION_, INDEX_))
19:21:20,468 [main] DEBUG LocalSessionFactoryBean : Executing schema statement: create table JBPM_DELEGATION (ID_ bigint generated by default as identity (start with 1), CLASSNAME_ varchar(4000), CONFIGURATION_ varchar(4000), CONFIGTYPE_ varchar(255), PROCESSDEFINITION_ bigint, primary key (ID_))
19:21:20,468 [main] DEBUG LocalSessionFactoryBean : Executing schema statement: create table JBPM_EVENT (ID_ bigint generated by default as identity (start with 1), EVENTTYPE_ varchar(255), TYPE_ char(1), GRAPHELEMENT_ bigint, PROCESSDEFINITION_ bigint, NODE_ bigint, TRANSITION_ bigint, TASK_ bigint, primary key (ID_))
19:21:20,468 [main] DEBUG LocalSessionFactoryBean : Executing schema statement: create table JBPM_EXCEPTIONHANDLER (ID_ bigint generated by default as identity (start with 1), EXCEPTIONCLASSNAME_ varchar(4000), TYPE_ char(1), GRAPHELEMENT_ bigint, PROCESSDEFINITION_ bigint, GRAPHELEMENTINDEX_ integer, NODE_ bigint, TRANSITION_ bigint, TASK_ bigint, primary key (ID_))
19:21:20,468 [main] DEBUG LocalSessionFactoryBean : Executing schema statement: create table JBPM_ID_GROUP (ID_ bigint generated by default as identity (start with 1), CLASS_ char(1) not null, NAME_ varchar(255), TYPE_ varchar(255), PARENT_ bigint, primary key (ID_))
19:21:20,468 [main] DEBUG LocalSessionFactoryBean : Executing schema statement: create table JBPM_ID_MEMBERSHIP (ID_ bigint generated by default as identity (start with 1), CLASS_ char(1) not null, NAME_ varchar(255), ROLE_ varchar(255), USER_ bigint, GROUP_ bigint, primary key (ID_))
19:21:20,468 [main] DEBUG LocalSessionFactoryBean : Executing schema statement: create table JBPM_ID_PERMISSIONS (ENTITY_ bigint not null, CLASS_ varchar(255), NAME_ varchar(255), ACTION_ varchar(255))
19:21:20,484 [main] DEBUG LocalSessionFactoryBean : Executing schema statement: create table JBPM_ID_USER (ID_ bigint generated by default as identity (start with 1), CLASS_ char(1) not null, NAME_ varchar(255), EMAIL_ varchar(255), PASSWORD_ varchar(255), primary key (ID_))
19:21:20,484 [main] DEBUG LocalSessionFactoryBean : Executing schema statement: create table JBPM_JOB (ID_ bigint generated by default as identity (start with 1), CLASS_ char(1) not null, VERSION_ integer not null, DUEDATE_ timestamp, PROCESSINSTANCE_ bigint, TOKEN_ bigint, TASKINSTANCE_ bigint, ISSUSPENDED_ bit, ISEXCLUSIVE_ bit, LOCKOWNER_ varchar(255), LOCKTIME_ timestamp, EXCEPTION_ varchar(4000), RETRIES_ integer, NAME_ varchar(255), REPEAT_ varchar(255), TRANSITIONNAME_ varchar(255), ACTION_ bigint, GRAPHELEMENTTYPE_ varchar(255), GRAPHELEMENT_ bigint, NODE_ bigint, primary key (ID_))
19:21:20,484 [main] DEBUG LocalSessionFactoryBean : Executing schema statement: create table JBPM_LOG (ID_ bigint generated by default as identity (start with 1), CLASS_ char(1) not null, INDEX_ integer, DATE_ timestamp, TOKEN_ bigint, PARENT_ bigint, MESSAGE_ varchar(4000), EXCEPTION_ varchar(4000), ACTION_ bigint, NODE_ bigint, ENTER_ timestamp, LEAVE_ timestamp, DURATION_ bigint, NEWLONGVALUE_ bigint, TRANSITION_ bigint, CHILD_ bigint, SOURCENODE_ bigint, DESTINATIONNODE_ bigint, VARIABLEINSTANCE_ bigint, OLDBYTEARRAY_ bigint, NEWBYTEARRAY_ bigint, OLDDATEVALUE_ timestamp, NEWDATEVALUE_ timestamp, OLDDOUBLEVALUE_ double, NEWDOUBLEVALUE_ double, OLDLONGIDCLASS_ varchar(255), OLDLONGIDVALUE_ bigint, NEWLONGIDCLASS_ varchar(255), NEWLONGIDVALUE_ bigint, OLDSTRINGIDCLASS_ varchar(255), OLDSTRINGIDVALUE_ varchar(255), NEWSTRINGIDCLASS_ varchar(255), NEWSTRINGIDVALUE_ varchar(255), OLDLONGVALUE_ bigint, OLDSTRINGVALUE_ varchar(4000), NEWSTRINGVALUE_ varchar(4000), TASKINSTANCE_ bigint, TASKACTORID_ varchar(255), TASKOLDACTORID_ varchar(255), SWIMLANEINSTANCE_ bigint, primary key (ID_))
19:21:20,484 [main] DEBUG LocalSessionFactoryBean : Executing schema statement: create table JBPM_MODULEDEFINITION (ID_ bigint generated by default as identity (start with 1), CLASS_ char(1) not null, NAME_ varchar(4000), PROCESSDEFINITION_ bigint, STARTTASK_ bigint, primary key (ID_))
19:21:20,484 [main] DEBUG LocalSessionFactoryBean : Executing schema statement: create table JBPM_MODULEINSTANCE (ID_ bigint generated by default as identity (start with 1), CLASS_ char(1) not null, VERSION_ integer not null, PROCESSINSTANCE_ bigint, TASKMGMTDEFINITION_ bigint, NAME_ varchar(255), primary key (ID_))
19:21:20,484 [main] DEBUG LocalSessionFactoryBean : Executing schema statement: create table JBPM_NODE (ID_ bigint generated by default as identity (start with 1), CLASS_ char(1) not null, NAME_ varchar(255), DESCRIPTION_ varchar(4000), PROCESSDEFINITION_ bigint, ISASYNC_ bit, ISASYNCEXCL_ bit, ACTION_ bigint, SUPERSTATE_ bigint, SUBPROCNAME_ varchar(255), SUBPROCESSDEFINITION_ bigint, DECISIONEXPRESSION_ varchar(255), DECISIONDELEGATION bigint, SCRIPT_ bigint, SIGNAL_ integer, CREATETASKS_ bit, ENDTASKS_ bit, NODECOLLECTIONINDEX_ integer, primary key (ID_))
19:21:20,484 [main] DEBUG LocalSessionFactoryBean : Executing schema statement: create table JBPM_POOLEDACTOR (ID_ bigint generated by default as identity (start with 1), VERSION_ integer not null, ACTORID_ varchar(255), SWIMLANEINSTANCE_ bigint, primary key (ID_))
19:21:20,484 [main] DEBUG LocalSessionFactoryBean : Executing schema statement: create table JBPM_PROCESSDEFINITION (ID_ bigint generated by default as identity (start with 1), CLASS_ char(1) not null, NAME_ varchar(255), DESCRIPTION_ varchar(4000), VERSION_ integer, ISTERMINATIONIMPLICIT_ bit, STARTSTATE_ bigint, primary key (ID_))
19:21:20,484 [main] DEBUG LocalSessionFactoryBean : Executing schema statement: create table JBPM_PROCESSINSTANCE (ID_ bigint generated by default as identity (start with 1), VERSION_ integer not null, KEY_ varchar(255), START_ timestamp, END_ timestamp, ISSUSPENDED_ bit, PROCESSDEFINITION_ bigint, ROOTTOKEN_ bigint, SUPERPROCESSTOKEN_ bigint, primary key (ID_))
19:21:20,500 [main] DEBUG LocalSessionFactoryBean : Executing schema statement: create table JBPM_RUNTIMEACTION (ID_ bigint generated by default as identity (start with 1), VERSION_ integer not null, EVENTTYPE_ varchar(255), TYPE_ char(1), GRAPHELEMENT_ bigint, PROCESSINSTANCE_ bigint, ACTION_ bigint, PROCESSINSTANCEINDEX_ integer, primary key (ID_))
19:21:20,500 [main] DEBUG LocalSessionFactoryBean : Executing schema statement: create table JBPM_SWIMLANE (ID_ bigint generated by default as identity (start with 1), NAME_ varchar(255), ACTORIDEXPRESSION_ varchar(255), POOLEDACTORSEXPRESSION_ varchar(255), ASSIGNMENTDELEGATION_ bigint, TASKMGMTDEFINITION_ bigint, primary key (ID_))
19:21:20,500 [main] DEBUG LocalSessionFactoryBean : Executing schema statement: create table JBPM_SWIMLANEINSTANCE (ID_ bigint generated by default as identity (start with 1), VERSION_ integer not null, NAME_ varchar(255), ACTORID_ varchar(255), SWIMLANE_ bigint, TASKMGMTINSTANCE_ bigint, primary key (ID_))
19:21:20,500 [main] DEBUG LocalSessionFactoryBean : Executing schema statement: create table JBPM_TASK (ID_ bigint generated by default as identity (start with 1), NAME_ varchar(255), DESCRIPTION_ varchar(4000), PROCESSDEFINITION_ bigint, ISBLOCKING_ bit, ISSIGNALLING_ bit, CONDITION_ varchar(255), DUEDATE_ varchar(255), PRIORITY_ integer, ACTORIDEXPRESSION_ varchar(255), POOLEDACTORSEXPRESSION_ varchar(255), TASKMGMTDEFINITION_ bigint, TASKNODE_ bigint, STARTSTATE_ bigint, ASSIGNMENTDELEGATION_ bigint, SWIMLANE_ bigint, TASKCONTROLLER_ bigint, primary key (ID_))
19:21:20,500 [main] DEBUG LocalSessionFactoryBean : Executing schema statement: create table JBPM_TASKACTORPOOL (TASKINSTANCE_ bigint not null, POOLEDACTOR_ bigint not null, primary key (TASKINSTANCE_, POOLEDACTOR_))
19:21:20,500 [main] DEBUG LocalSessionFactoryBean : Executing schema statement: create table JBPM_TASKCONTROLLER (ID_ bigint generated by default as identity (start with 1), TASKCONTROLLERDELEGATION_ bigint, primary key (ID_))
19:21:20,500 [main] DEBUG LocalSessionFactoryBean : Executing schema statement: create table JBPM_TASKINSTANCE (ID_ bigint generated by default as identity (start with 1), CLASS_ char(1) not null, VERSION_ integer not null, NAME_ varchar(255), DESCRIPTION_ varchar(4000), ACTORID_ varchar(255), CREATE_ timestamp, START_ timestamp, END_ timestamp, DUEDATE_ timestamp, PRIORITY_ integer, ISCANCELLED_ bit, ISSUSPENDED_ bit, ISOPEN_ bit, ISSIGNALLING_ bit, ISBLOCKING_ bit, TASK_ bigint, TOKEN_ bigint, PROCINST_ bigint, SWIMLANINSTANCE_ bigint, TASKMGMTINSTANCE_ bigint, primary key (ID_))
19:21:20,500 [main] DEBUG LocalSessionFactoryBean : Executing schema statement: create table JBPM_TOKEN (ID_ bigint generated by default as identity (start with 1), VERSION_ integer not null, NAME_ varchar(255), START_ timestamp, END_ timestamp, NODEENTER_ timestamp, NEXTLOGINDEX_ integer, ISABLETOREACTIVATEPARENT_ bit, ISTERMINATIONIMPLICIT_ bit, ISSUSPENDED_ bit, LOCK_ varchar(255), NODE_ bigint, PROCESSINSTANCE_ bigint, PARENT_ bigint, SUBPROCESSINSTANCE_ bigint, primary key (ID_))
19:21:20,500 [main] DEBUG LocalSessionFactoryBean : Executing schema statement: create table JBPM_TOKENVARIABLEMAP (ID_ bigint generated by default as identity (start with 1), VERSION_ integer not null, TOKEN_ bigint, CONTEXTINSTANCE_ bigint, primary key (ID_))
19:21:20,500 [main] DEBUG LocalSessionFactoryBean : Executing schema statement: create table JBPM_TRANSITION (ID_ bigint generated by default as identity (start with 1), NAME_ varchar(255), DESCRIPTION_ varchar(4000), PROCESSDEFINITION_ bigint, FROM_ bigint, TO_ bigint, CONDITION_ varchar(255), FROMINDEX_ integer, primary key (ID_))
19:21:20,500 [main] DEBUG LocalSessionFactoryBean : Executing schema statement: create table JBPM_VARIABLEACCESS (ID_ bigint generated by default as identity (start with 1), VARIABLENAME_ varchar(255), ACCESS_ varchar(255), MAPPEDNAME_ varchar(255), PROCESSSTATE_ bigint, TASKCONTROLLER_ bigint, INDEX_ integer, SCRIPT_ bigint, primary key (ID_))
19:21:20,515 [main] DEBUG LocalSessionFactoryBean : Executing schema statement: create table JBPM_VARIABLEINSTANCE (ID_ bigint generated by default as identity (start with 1), CLASS_ char(1) not null, VERSION_ integer not null, NAME_ varchar(255), CONVERTER_ char(1), TOKEN_ bigint, TOKENVARIABLEMAP_ bigint, PROCESSINSTANCE_ bigint, BYTEARRAYVALUE_ bigint, DATEVALUE_ timestamp, DOUBLEVALUE_ double, LONGIDCLASS_ varchar(255), LONGVALUE_ bigint, STRINGIDCLASS_ varchar(255), STRINGVALUE_ varchar(255), TASKINSTANCE_ bigint, primary key (ID_))
19:21:20,515 [main] DEBUG LocalSessionFactoryBean : Executing schema statement: alter table JBPM_ACTION add constraint FK_ACTION_REFACT foreign key (REFERENCEDACTION_) references JBPM_ACTION
19:21:20,515 [main] DEBUG LocalSessionFactoryBean : Executing schema statement: alter table JBPM_ACTION add constraint FK_CRTETIMERACT_TA foreign key (TIMERACTION_) references JBPM_ACTION
19:21:20,515 [main] DEBUG LocalSessionFactoryBean : Executing schema statement: alter table JBPM_ACTION add constraint FK_ACTION_PROCDEF foreign key (PROCESSDEFINITION_) references JBPM_PROCESSDEFINITION
19:21:20,515 [main] DEBUG LocalSessionFactoryBean : Executing schema statement: alter table JBPM_ACTION add constraint FK_ACTION_EVENT foreign key (EVENT_) references JBPM_EVENT
19:21:20,515 [main] DEBUG LocalSessionFactoryBean : Executing schema statement: alter table JBPM_ACTION add constraint FK_ACTION_ACTNDEL foreign key (ACTIONDELEGATION_) references JBPM_DELEGATION
19:21:20,515 [main] DEBUG LocalSessionFactoryBean : Executing schema statement: alter table JBPM_ACTION add constraint FK_ACTION_EXPTHDL foreign key (EXCEPTIONHANDLER_) references JBPM_EXCEPTIONHANDLER
19:21:20,515 [main] DEBUG LocalSessionFactoryBean : Executing schema statement: alter table JBPM_BYTEARRAY add constraint FK_BYTEARR_FILDEF foreign key (FILEDEFINITION_) references JBPM_MODULEDEFINITION
19:21:20,515 [main] DEBUG LocalSessionFactoryBean : Executing schema statement: alter table JBPM_BYTEBLOCK add constraint FK_BYTEBLOCK_FILE foreign key (PROCESSFILE_) references JBPM_BYTEARRAY
19:21:20,515 [main] DEBUG LocalSessionFactoryBean : Executing schema statement: alter table JBPM_COMMENT add constraint FK_COMMENT_TOKEN foreign key (TOKEN_) references JBPM_TOKEN
19:21:20,515 [main] DEBUG LocalSessionFactoryBean : Executing schema statement: alter table JBPM_COMMENT add constraint FK_COMMENT_TSK foreign key (TASKINSTANCE_) references JBPM_TASKINSTANCE
19:21:20,515 [main] DEBUG LocalSessionFactoryBean : Executing schema statement: alter table JBPM_DECISIONCONDITIONS add constraint FK_DECCOND_DEC foreign key (DECISION_) references JBPM_NODE
19:21:20,531 [main] DEBUG LocalSessionFactoryBean : Executing schema statement: alter table JBPM_DELEGATION add constraint FK_DELEGATION_PRCD foreign key (PROCESSDEFINITION_) references JBPM_PROCESSDEFINITION
19:21:20,531 [main] DEBUG LocalSessionFactoryBean : Executing schema statement: alter table JBPM_EVENT add constraint FK_EVENT_PROCDEF foreign key (PROCESSDEFINITION_) references JBPM_PROCESSDEFINITION
19:21:20,531 [main] DEBUG LocalSessionFactoryBean : Executing schema statement: alter table JBPM_EVENT add constraint FK_EVENT_TRANS foreign key (TRANSITION_) references JBPM_TRANSITION
19:21:20,531 [main] DEBUG LocalSessionFactoryBean : Executing schema statement: alter table JBPM_EVENT add constraint FK_EVENT_NODE foreign key (NODE_) references JBPM_NODE
19:21:20,531 [main] DEBUG LocalSessionFactoryBean : Executing schema statement: alter table JBPM_EVENT add constraint FK_EVENT_TASK foreign key (TASK_) references JBPM_TASK
19:21:20,531 [main] DEBUG LocalSessionFactoryBean : Executing schema statement: alter table JBPM_ID_GROUP add constraint FK_ID_GRP_PARENT foreign key (PARENT_) references JBPM_ID_GROUP
19:21:20,531 [main] DEBUG LocalSessionFactoryBean : Executing schema statement: alter table JBPM_ID_MEMBERSHIP add constraint FK_ID_MEMSHIP_GRP foreign key (GROUP_) references JBPM_ID_GROUP
19:21:20,531 [main] DEBUG LocalSessionFactoryBean : Executing schema statement: alter table JBPM_ID_MEMBERSHIP add constraint FK_ID_MEMSHIP_USR foreign key (USER_) references JBPM_ID_USER
19:21:20,531 [main] DEBUG LocalSessionFactoryBean : Executing schema statement: alter table JBPM_JOB add constraint FK_JOB_PRINST foreign key (PROCESSINSTANCE_) references JBPM_PROCESSINSTANCE
19:21:20,531 [main] DEBUG LocalSessionFactoryBean : Executing schema statement: alter table JBPM_JOB add constraint FK_JOB_ACTION foreign key (ACTION_) references JBPM_ACTION
19:21:20,531 [main] DEBUG LocalSessionFactoryBean : Executing schema statement: alter table JBPM_JOB add constraint FK_JOB_TOKEN foreign key (TOKEN_) references JBPM_TOKEN
19:21:20,531 [main] DEBUG LocalSessionFactoryBean : Executing schema statement: alter table JBPM_JOB add constraint FK_JOB_NODE foreign key (NODE_) references JBPM_NODE
19:21:20,546 [main] DEBUG LocalSessionFactoryBean : Executing schema statement: alter table JBPM_JOB add constraint FK_JOB_TSKINST foreign key (TASKINSTANCE_) references JBPM_TASKINSTANCE
19:21:20,546 [main] DEBUG LocalSessionFactoryBean : Executing schema statement: alter table JBPM_LOG add constraint FK_LOG_SOURCENODE foreign key (SOURCENODE_) references JBPM_NODE
19:21:20,546 [main] DEBUG LocalSessionFactoryBean : Executing schema statement: alter table JBPM_LOG add constraint FK_LOG_DESTNODE foreign key (DESTINATIONNODE_) references JBPM_NODE
19:21:20,546 [main] DEBUG LocalSessionFactoryBean : Executing schema statement: alter table JBPM_LOG add constraint FK_LOG_TOKEN foreign key (TOKEN_) references JBPM_TOKEN
19:21:20,546 [main] DEBUG LocalSessionFactoryBean : Executing schema statement: alter table JBPM_LOG add constraint FK_LOG_TRANSITION foreign key (TRANSITION_) references JBPM_TRANSITION
19:21:20,546 [main] DEBUG LocalSessionFactoryBean : Executing schema statement: alter table JBPM_LOG add constraint FK_LOG_TASKINST foreign key (TASKINSTANCE_) references JBPM_TASKINSTANCE
19:21:20,546 [main] DEBUG LocalSessionFactoryBean : Executing schema statement: alter table JBPM_LOG add constraint FK_LOG_CHILDTOKEN foreign key (CHILD_) references JBPM_TOKEN
19:21:20,546 [main] DEBUG LocalSessionFactoryBean : Executing schema statement: alter table JBPM_LOG add constraint FK_LOG_OLDBYTES foreign key (OLDBYTEARRAY_) references JBPM_BYTEARRAY
19:21:20,546 [main] DEBUG LocalSessionFactoryBean : Executing schema statement: alter table JBPM_LOG add constraint FK_LOG_SWIMINST foreign key (SWIMLANEINSTANCE_) references JBPM_SWIMLANEINSTANCE
19:21:20,546 [main] DEBUG LocalSessionFactoryBean : Executing schema statement: alter table JBPM_LOG add constraint FK_LOG_NEWBYTES foreign key (NEWBYTEARRAY_) references JBPM_BYTEARRAY
19:21:20,546 [main] DEBUG LocalSessionFactoryBean : Executing schema statement: alter table JBPM_LOG add constraint FK_LOG_ACTION foreign key (ACTION_) references JBPM_ACTION
19:21:20,546 [main] DEBUG LocalSessionFactoryBean : Executing schema statement: alter table JBPM_LOG add constraint FK_LOG_VARINST foreign key (VARIABLEINSTANCE_) references JBPM_VARIABLEINSTANCE
19:21:20,546 [main] DEBUG LocalSessionFactoryBean : Executing schema statement: alter table JBPM_LOG add constraint FK_LOG_NODE foreign key (NODE_) references JBPM_NODE
19:21:20,562 [main] DEBUG LocalSessionFactoryBean : Executing schema statement: alter table JBPM_LOG add constraint FK_LOG_PARENT foreign key (PARENT_) references JBPM_LOG
19:21:20,562 [main] DEBUG LocalSessionFactoryBean : Executing schema statement: alter table JBPM_MODULEDEFINITION add constraint FK_MODDEF_PROCDEF foreign key (PROCESSDEFINITION_) references JBPM_PROCESSDEFINITION
19:21:20,562 [main] DEBUG LocalSessionFactoryBean : Executing schema statement: alter table JBPM_MODULEDEFINITION add constraint FK_TSKDEF_START foreign key (STARTTASK_) references JBPM_TASK
19:21:20,562 [main] DEBUG LocalSessionFactoryBean : Executing schema statement: alter table JBPM_MODULEINSTANCE add constraint FK_MODINST_PRCINST foreign key (PROCESSINSTANCE_) references JBPM_PROCESSINSTANCE
19:21:20,562 [main] DEBUG LocalSessionFactoryBean : Executing schema statement: alter table JBPM_MODULEINSTANCE add constraint FK_TASKMGTINST_TMD foreign key (TASKMGMTDEFINITION_) references JBPM_MODULEDEFINITION
19:21:20,562 [main] DEBUG LocalSessionFactoryBean : Executing schema statement: alter table JBPM_NODE add constraint FK_DECISION_DELEG foreign key (DECISIONDELEGATION) references JBPM_DELEGATION
19:21:20,562 [main] DEBUG LocalSessionFactoryBean : Executing schema statement: alter table JBPM_NODE add constraint FK_NODE_PROCDEF foreign key (PROCESSDEFINITION_) references JBPM_PROCESSDEFINITION
19:21:20,562 [main] DEBUG LocalSessionFactoryBean : Executing schema statement: alter table JBPM_NODE add constraint FK_NODE_ACTION foreign key (ACTION_) references JBPM_ACTION
19:21:20,562 [main] DEBUG LocalSessionFactoryBean : Executing schema statement: alter table JBPM_NODE add constraint FK_PROCST_SBPRCDEF foreign key (SUBPROCESSDEFINITION_) references JBPM_PROCESSDEFINITION
19:21:20,562 [main] DEBUG LocalSessionFactoryBean : Executing schema statement: alter table JBPM_NODE add constraint FK_NODE_SCRIPT foreign key (SCRIPT_) references JBPM_ACTION
19:21:20,562 [main] DEBUG LocalSessionFactoryBean : Executing schema statement: alter table JBPM_NODE add constraint FK_NODE_SUPERSTATE foreign key (SUPERSTATE_) references JBPM_NODE
19:21:20,562 [main] DEBUG LocalSessionFactoryBean : Executing schema statement: alter table JBPM_POOLEDACTOR add constraint FK_POOLEDACTOR_SLI foreign key (SWIMLANEINSTANCE_) references JBPM_SWIMLANEINSTANCE
19:21:20,578 [main] DEBUG LocalSessionFactoryBean : Executing schema statement: alter table JBPM_PROCESSDEFINITION add constraint FK_PROCDEF_STRTSTA foreign key (STARTSTATE_) references JBPM_NODE
19:21:20,578 [main] DEBUG LocalSessionFactoryBean : Executing schema statement: alter table JBPM_PROCESSINSTANCE add constraint FK_PROCIN_PROCDEF foreign key (PROCESSDEFINITION_) references JBPM_PROCESSDEFINITION
19:21:20,578 [main] DEBUG LocalSessionFactoryBean : Executing schema statement: alter table JBPM_PROCESSINSTANCE add constraint FK_PROCIN_ROOTTKN foreign key (ROOTTOKEN_) references JBPM_TOKEN
19:21:20,578 [main] DEBUG LocalSessionFactoryBean : Executing schema statement: alter table JBPM_PROCESSINSTANCE add constraint FK_PROCIN_SPROCTKN foreign key (SUPERPROCESSTOKEN_) references JBPM_TOKEN
19:21:20,578 [main] DEBUG LocalSessionFactoryBean : Executing schema statement: alter table JBPM_RUNTIMEACTION add constraint FK_RTACTN_PROCINST foreign key (PROCESSINSTANCE_) references JBPM_PROCESSINSTANCE
19:21:20,578 [main] DEBUG LocalSessionFactoryBean : Executing schema statement: alter table JBPM_RUNTIMEACTION add constraint FK_RTACTN_ACTION foreign key (ACTION_) references JBPM_ACTION
19:21:20,578 [main] DEBUG LocalSessionFactoryBean : Executing schema statement: alter table JBPM_SWIMLANE add constraint FK_SWL_ASSDEL foreign key (ASSIGNMENTDELEGATION_) references JBPM_DELEGATION
19:21:20,578 [main] DEBUG LocalSessionFactoryBean : Executing schema statement: alter table JBPM_SWIMLANE add constraint FK_SWL_TSKMGMTDEF foreign key (TASKMGMTDEFINITION_) references JBPM_MODULEDEFINITION
19:21:20,578 [main] DEBUG LocalSessionFactoryBean : Executing schema statement: alter table JBPM_SWIMLANEINSTANCE add constraint FK_SWIMLANEINST_TM foreign key (TASKMGMTINSTANCE_) references JBPM_MODULEINSTANCE
19:21:20,578 [main] DEBUG LocalSessionFactoryBean : Executing schema statement: alter table JBPM_SWIMLANEINSTANCE add constraint FK_SWIMLANEINST_SL foreign key (SWIMLANE_) references JBPM_SWIMLANE
19:21:20,578 [main] DEBUG LocalSessionFactoryBean : Executing schema statement: alter table JBPM_TASK add constraint FK_TASK_STARTST foreign key (STARTSTATE_) references JBPM_NODE
19:21:20,578 [main] DEBUG LocalSessionFactoryBean : Executing schema statement: alter table JBPM_TASK add constraint FK_TASK_PROCDEF foreign key (PROCESSDEFINITION_) references JBPM_PROCESSDEFINITION
19:21:20,578 [main] DEBUG LocalSessionFactoryBean : Executing schema statement: alter table JBPM_TASK add constraint FK_TASK_ASSDEL foreign key (ASSIGNMENTDELEGATION_) references JBPM_DELEGATION
19:21:20,578 [main] DEBUG LocalSessionFactoryBean : Executing schema statement: alter table JBPM_TASK add constraint FK_TASK_SWIMLANE foreign key (SWIMLANE_) references JBPM_SWIMLANE
19:21:20,593 [main] DEBUG LocalSessionFactoryBean : Executing schema statement: alter table JBPM_TASK add constraint FK_TASK_TASKNODE foreign key (TASKNODE_) references JBPM_NODE
19:21:20,593 [main] DEBUG LocalSessionFactoryBean : Executing schema statement: alter table JBPM_TASK add constraint FK_TASK_TASKMGTDEF foreign key (TASKMGMTDEFINITION_) references JBPM_MODULEDEFINITION
19:21:20,593 [main] DEBUG LocalSessionFactoryBean : Executing schema statement: alter table JBPM_TASK add constraint FK_TSK_TSKCTRL foreign key (TASKCONTROLLER_) references JBPM_TASKCONTROLLER
19:21:20,593 [main] DEBUG LocalSessionFactoryBean : Executing schema statement: alter table JBPM_TASKACTORPOOL add constraint FK_TASKACTPL_TSKI foreign key (TASKINSTANCE_) references JBPM_TASKINSTANCE
19:21:20,593 [main] DEBUG LocalSessionFactoryBean : Executing schema statement: alter table JBPM_TASKACTORPOOL add constraint FK_TSKACTPOL_PLACT foreign key (POOLEDACTOR_) references JBPM_POOLEDACTOR
19:21:20,593 [main] DEBUG LocalSessionFactoryBean : Executing schema statement: alter table JBPM_TASKCONTROLLER add constraint FK_TSKCTRL_DELEG foreign key (TASKCONTROLLERDELEGATION_) references JBPM_DELEGATION
19:21:20,593 [main] DEBUG LocalSessionFactoryBean : Executing schema statement: alter table JBPM_TASKINSTANCE add constraint FK_TSKINS_PRCINS foreign key (PROCINST_) references JBPM_PROCESSINSTANCE
19:21:20,593 [main] DEBUG LocalSessionFactoryBean : Executing schema statement: alter table JBPM_TASKINSTANCE add constraint FK_TASKINST_TMINST foreign key (TASKMGMTINSTANCE_) references JBPM_MODULEINSTANCE
19:21:20,593 [main] DEBUG LocalSessionFactoryBean : Executing schema statement: alter table JBPM_TASKINSTANCE add constraint FK_TASKINST_TOKEN foreign key (TOKEN_) references JBPM_TOKEN
19:21:20,593 [main] DEBUG LocalSessionFactoryBean : Executing schema statement: alter table JBPM_TASKINSTANCE add constraint FK_TASKINST_SLINST foreign key (SWIMLANINSTANCE_) references JBPM_SWIMLANEINSTANCE
19:21:20,593 [main] DEBUG LocalSessionFactoryBean : Executing schema statement: alter table JBPM_TASKINSTANCE add constraint FK_TASKINST_TASK foreign key (TASK_) references JBPM_TASK
19:21:20,593 [main] DEBUG LocalSessionFactoryBean : Executing schema statement: alter table JBPM_TOKEN add constraint FK_TOKEN_SUBPI foreign key (SUBPROCESSINSTANCE_) references JBPM_PROCESSINSTANCE
19:21:20,593 [main] DEBUG LocalSessionFactoryBean : Executing schema statement: alter table JBPM_TOKEN add constraint FK_TOKEN_PROCINST foreign key (PROCESSINSTANCE_) references JBPM_PROCESSINSTANCE
19:21:20,609 [main] DEBUG LocalSessionFactoryBean : Executing schema statement: alter table JBPM_TOKEN add constraint FK_TOKEN_NODE foreign key (NODE_) references JBPM_NODE
19:21:20,609 [main] DEBUG LocalSessionFactoryBean : Executing schema statement: alter table JBPM_TOKEN add constraint FK_TOKEN_PARENT foreign key (PARENT_) references JBPM_TOKEN
19:21:20,609 [main] DEBUG LocalSessionFactoryBean : Executing schema statement: alter table JBPM_TOKENVARIABLEMAP add constraint FK_TKVARMAP_TOKEN foreign key (TOKEN_) references JBPM_TOKEN
19:21:20,609 [main] DEBUG LocalSessionFactoryBean : Executing schema statement: alter table JBPM_TOKENVARIABLEMAP add constraint FK_TKVARMAP_CTXT foreign key (CONTEXTINSTANCE_) references JBPM_MODULEINSTANCE
19:21:20,609 [main] DEBUG LocalSessionFactoryBean : Executing schema statement: alter table JBPM_TRANSITION add constraint FK_TRANSITION_FROM foreign key (FROM_) references JBPM_NODE
19:21:20,609 [main] DEBUG LocalSessionFactoryBean : Executing schema statement: alter table JBPM_TRANSITION add constraint FK_TRANS_PROCDEF foreign key (PROCESSDEFINITION_) references JBPM_PROCESSDEFINITION
19:21:20,609 [main] DEBUG LocalSessionFactoryBean : Executing schema statement: alter table JBPM_TRANSITION add constraint FK_TRANSITION_TO foreign key (TO_) references JBPM_NODE
19:21:20,625 [main] DEBUG LocalSessionFactoryBean : Executing schema statement: alter table JBPM_VARIABLEACCESS add constraint FK_VARACC_PROCST foreign key (PROCESSSTATE_) references JBPM_NODE
19:21:20,625 [main] DEBUG LocalSessionFactoryBean : Executing schema statement: alter table JBPM_VARIABLEACCESS add constraint FK_VARACC_SCRIPT foreign key (SCRIPT_) references JBPM_ACTION
19:21:20,625 [main] DEBUG LocalSessionFactoryBean : Executing schema statement: alter table JBPM_VARIABLEACCESS add constraint FK_VARACC_TSKCTRL foreign key (TASKCONTROLLER_) references JBPM_TASKCONTROLLER
19:21:20,625 [main] DEBUG LocalSessionFactoryBean : Executing schema statement: alter table JBPM_VARIABLEINSTANCE add constraint FK_VARINST_PRCINST foreign key (PROCESSINSTANCE_) references JBPM_PROCESSINSTANCE
19:21:20,625 [main] DEBUG LocalSessionFactoryBean : Executing schema statement: alter table JBPM_VARIABLEINSTANCE add constraint FK_VARINST_TKVARMP foreign key (TOKENVARIABLEMAP_) references JBPM_TOKENVARIABLEMAP
19:21:20,625 [main] DEBUG LocalSessionFactoryBean : Executing schema statement: alter table JBPM_VARIABLEINSTANCE add constraint FK_VARINST_TK foreign key (TOKEN_) references JBPM_TOKEN
19:21:20,625 [main] DEBUG LocalSessionFactoryBean : Executing schema statement: alter table JBPM_VARIABLEINSTANCE add constraint FK_BYTEINST_ARRAY foreign key (BYTEARRAYVALUE_) references JBPM_BYTEARRAY
19:21:20,625 [main] DEBUG LocalSessionFactoryBean : Executing schema statement: alter table JBPM_VARIABLEINSTANCE add constraint FK_VAR_TSKINST foreign key (TASKINSTANCE_) references JBPM_TASKINSTANCE
19:21:20,796 [main] DEBUG JbpmFactoryLocator : default beanFactoryReference=org.springframework.beans.factory.support.DefaultListableBeanFactory@1719f30: defining beans [serviceBrokerDataSource,serviceBrokerSessionFactory,requestServiceBroker,org.springframework.beans.factory.config.PropertyPlaceholderConfigurer#0,serviceBroker,serviceContainerRegistry,org.springframework.context.annotation.internalPersistenceAnnotationProcessor,org.springframework.context.annotation.internalCommonAnnotationProcessor,org.springframework.context.annotation.internalAutowiredAnnotationProcessor,org.springframework.context.annotation.internalRequiredAnnotationProcessor,org.springframework.aop.config.internalAutoProxyCreator,org.springframework.transaction.config.internalTransactionAdvisor,abstractServiceBrokerSessionFactory,transactionManager,abstractRequestServiceBroker,abstractResponseServiceBroker,jbpmDataSource,jbpmSessionFactory,completedServiceRequestListener,continuationController,abstractJbpmSessionFactory,jbpmConfiguration]; root of factory hierarchy
19:21:20,796 [main] DEBUG JbpmFactoryLocator : adding key=jbpmConfiguration w/ reference=org.springframework.beans.factory.support.DefaultListableBeanFactory@1719f30: defining beans [serviceBrokerDataSource,serviceBrokerSessionFactory,requestServiceBroker,org.springframework.beans.factory.config.PropertyPlaceholderConfigurer#0,serviceBroker,serviceContainerRegistry,org.springframework.context.annotation.internalPersistenceAnnotationProcessor,org.springframework.context.annotation.internalCommonAnnotationProcessor,org.springframework.context.annotation.internalAutowiredAnnotationProcessor,org.springframework.context.annotation.internalRequiredAnnotationProcessor,org.springframework.aop.config.internalAutoProxyCreator,org.springframework.transaction.config.internalTransactionAdvisor,abstractServiceBrokerSessionFactory,transactionManager,abstractRequestServiceBroker,abstractResponseServiceBroker,jbpmDataSource,jbpmSessionFactory,completedServiceRequestListener,continuationController,abstractJbpmSessionFactory,jbpmConfiguration]; root of factory hierarchy
19:21:20,812 [main] INFO  LocalJbpmConfigurationFactoryBean : using given Hibernate session factory
19:21:20,828 [main] INFO  LocalJbpmConfigurationFactoryBean : persistence service available...
19:21:20,875 [main] DEBUG ResourceResolver : Finding resource list for conf/workflow.*.properties
19:21:20,890 [main] DEBUG ResourceResolver : Matching resource file:/C:/data/transfer/trunk/core/workflow-processes-core/target/test-classes/conf/workflow.local.properties
19:21:20,890 [main] DEBUG ResourceResolver : Matching resource file:/C:/data/transfer/trunk/core/workflow-processes-core/target/classes/conf/workflow.core.properties
19:21:20,890 [main] DEBUG ResourceResolver : Finding resource conf/workflow.properties
19:21:20,890 [main] DEBUG ConfigurationFactory : Adding configuration: file:/C:/data/transfer/trunk/core/workflow-processes-core/target/test-classes/conf/workflow.local.properties
19:21:20,937 [main] DEBUG ConfigurationFactory : Adding configuration: file:/C:/data/transfer/trunk/core/workflow-processes-core/target/classes/conf/workflow.core.properties
19:21:21,031 [main] INFO  ModelerFactoryImpl : Created Package with id foo_alpha1 that is part of Repository with id foo
19:21:21,046 [main] INFO  ModelerFactoryImpl : Created External File Location that is identified by External Identifier with value abcdef1234 and type SERIAL_NUMBER and is part of Package with id foo_alpha1 that is part of Repository with id foo
19:21:21,078 [main] DEBUG Action : Changing AddFileLocationEventActionHandler to gov.loc.repository.workflow.actionhandlers.AddFileLocationEventActionHandler
19:21:21,078 [main] DEBUG Action : Setting config-type to constructor for gov.loc.repository.workflow.actionhandlers.AddFileLocationEventActionHandler
19:21:21,359 [main] WARN  BaseActionHandler : Not operating in jbpmContext, so can't get beans from Spring application context
19:21:21,359 [main] DEBUG HibernateUtil : Adding sessionFactory for DATA_WRITER
19:21:21,375 [main] DEBUG ResourceResolver : Finding resource list for conf/packagemodeler.*.hibernate.cfg.xml
19:21:21,375 [main] DEBUG ResourceResolver : Matching resource jar:file:/C:/Documents%20and%20Settings/Wendy%20Littman/.m2/repository/loc-repository/packagemodeler-core/1.5-SNAPSHOT/packagemodeler-core-1.5-SNAPSHOT.jar!/conf/packagemodeler.core.hibernate.cfg.xml
19:21:21,375 [main] DEBUG HibernateUtil : Using hibernate.cfg.xml: jar:file:/C:/Documents%20and%20Settings/Wendy%20Littman/.m2/repository/loc-repository/packagemodeler-core/1.5-SNAPSHOT/packagemodeler-core-1.5-SNAPSHOT.jar!/conf/packagemodeler.core.hibernate.cfg.xml
19:21:21,421 [main] DEBUG HibernateUtil : Since resource conf/data_writer.packagemodeler.hibernate.properties not found, trying packagemodeler.hibernate.properties
19:21:21,421 [main] DEBUG HibernateUtil : Using hibernate.properties: conf/packagemodeler.hibernate.properties
19:21:21,656 [main] DEBUG BaseActionHandler : Reporting logger name is workflow.no_processdefinitionname.a.add verify event action
19:21:21,656 [main] DEBUG BaseActionHandler : Key base is null.add_verify_event_action.ModelerFactory
19:21:21,656 [main] DEBUG BaseActionHandler : Creating object ModelerFactory with method createModelerFactory
19:21:21,656 [main] DEBUG BaseActionHandler : Key base is null.add_verify_event_action.PackageModelDAO
19:21:21,656 [main] DEBUG BaseActionHandler : Creating object PackageModelDAO with method createPackageModelDAO
19:21:21,703 [main] INFO  ModelerFactoryImpl : Created File Location Event of type gov.loc.repository.packagemodeler.events.filelocation.impl.VerifyAgainstManifestEventImpl, associated with External File Location that is identified by External Identifier with value abcdef1234 and type SERIAL_NUMBER and is part of Package with id foo_alpha1 that is part of Repository with id foo, and with an event start of May 20, 2008 7:21:21 PM
19:21:21,703 [main] DEBUG AddFileLocationEventActionHandler : Adding gov.loc.repository.packagemodeler.events.filelocation.VerifyAgainstManifestEvent to External File Location that is identified by External Identifier with value abcdef1234 and type SERIAL_NUMBER and is part of Package with id foo_alpha1 that is part of Repository with id foo.  Event success: true
19:21:21,703 [main] DEBUG ModifiedTaskInstance : completion of task 'a task' results in taking transition 'Transition(continue)'
Tests run: 1, Failures: 0, Errors: 0, Skipped: 0, Time elapsed: 7.922 sec
Running gov.loc.repository.workflow.processdefinitions.ResumeTest
19:21:21,765 [main] DEBUG Action : Changing RecordingActionHandler to gov.loc.repository.workflow.actionhandlers.RecordingActionHandler
19:21:21,765 [main] DEBUG Action : Setting config-type to constructor for gov.loc.repository.workflow.actionhandlers.RecordingActionHandler
19:21:21,765 [main] DEBUG Action : Changing RecordingActionHandler to gov.loc.repository.workflow.actionhandlers.RecordingActionHandler
19:21:21,765 [main] DEBUG Action : Setting config-type to constructor for gov.loc.repository.workflow.actionhandlers.RecordingActionHandler
19:21:21,765 [main] DEBUG Action : Changing RecordingActionHandler to gov.loc.repository.workflow.actionhandlers.RecordingActionHandler
19:21:21,765 [main] DEBUG Action : Setting config-type to constructor for gov.loc.repository.workflow.actionhandlers.RecordingActionHandler
19:21:22,062 [main] DEBUG BaseActionHandler : Reporting logger name is workflow.test1.b.no_actionname
19:21:22,062 [main] DEBUG BaseActionHandler : Key base is test1.ModelerFactory
19:21:22,062 [main] DEBUG BaseActionHandler : Creating object ModelerFactory with method createModelerFactory
19:21:22,062 [main] DEBUG BaseActionHandler : Key base is test1.PackageModelDAO
19:21:22,062 [main] DEBUG BaseActionHandler : Creating object PackageModelDAO with method createPackageModelDAO
19:21:22,109 [main] DEBUG BaseActionHandler : Reporting logger name is workflow.test1.b.no_actionname
19:21:22,109 [main] DEBUG BaseActionHandler : Key base is test1.ModelerFactory
19:21:22,109 [main] DEBUG BaseActionHandler : Creating object ModelerFactory with method createModelerFactory
19:21:22,109 [main] DEBUG BaseActionHandler : Key base is test1.PackageModelDAO
19:21:22,125 [main] DEBUG BaseActionHandler : Creating object PackageModelDAO with method createPackageModelDAO
19:21:22,125 [main] DEBUG BaseActionHandler : Requested to leave node via continue2
19:21:22,125 [main] DEBUG BaseActionHandler : Reporting logger name is workflow.test1.b.no_actionname
19:21:22,125 [main] DEBUG BaseActionHandler : Key base is test1.ModelerFactory
19:21:22,125 [main] DEBUG BaseActionHandler : Creating object ModelerFactory with method createModelerFactory
19:21:22,125 [main] DEBUG BaseActionHandler : Key base is test1.PackageModelDAO
19:21:22,125 [main] DEBUG BaseActionHandler : Creating object PackageModelDAO with method createPackageModelDAO
19:21:22,156 [main] DEBUG Action : Changing RecordingActionHandler to gov.loc.repository.workflow.actionhandlers.RecordingActionHandler
19:21:22,156 [main] DEBUG Action : Setting config-type to constructor for gov.loc.repository.workflow.actionhandlers.RecordingActionHandler
19:21:22,156 [main] DEBUG Action : Changing RecordingActionHandler to gov.loc.repository.workflow.actionhandlers.RecordingActionHandler
19:21:22,156 [main] DEBUG Action : Setting config-type to constructor for gov.loc.repository.workflow.actionhandlers.RecordingActionHandler
19:21:22,156 [main] DEBUG Action : Changing RecordingActionHandler to gov.loc.repository.workflow.actionhandlers.RecordingActionHandler
19:21:22,156 [main] DEBUG Action : Setting config-type to constructor for gov.loc.repository.workflow.actionhandlers.RecordingActionHandler
19:21:22,187 [main] WARN  StatefulPersistenceContext : Narrowing proxy to class org.jbpm.graph.node.TaskNode - this operation breaks ==
19:21:22,359 [main] DEBUG BaseActionHandler : Reporting logger name is workflow.test1.a.no_actionname
19:21:22,359 [main] DEBUG BaseActionHandler : Key base is test1.ModelerFactory
19:21:22,359 [main] DEBUG BaseActionHandler : Creating object ModelerFactory with method createModelerFactory
19:21:22,359 [main] DEBUG BaseActionHandler : Key base is test1.PackageModelDAO
19:21:22,359 [main] DEBUG BaseActionHandler : Creating object PackageModelDAO with method createPackageModelDAO
19:21:22,390 [main] DEBUG BaseActionHandler : Reporting logger name is workflow.test1.a.no_actionname
19:21:22,390 [main] DEBUG BaseActionHandler : Key base is test1.ModelerFactory
19:21:22,390 [main] DEBUG BaseActionHandler : Creating object ModelerFactory with method createModelerFactory
19:21:22,390 [main] DEBUG BaseActionHandler : Key base is test1.PackageModelDAO
19:21:22,390 [main] DEBUG BaseActionHandler : Creating object PackageModelDAO with method createPackageModelDAO
19:21:22,390 [main] DEBUG ModifiedTaskInstance : completion of task 'taska' results in taking transition 'Transition(continue)'
19:21:22,390 [main] DEBUG BaseActionHandler : Reporting logger name is workflow.test1.a.no_actionname
19:21:22,390 [main] DEBUG BaseActionHandler : Key base is test1.ModelerFactory
19:21:22,406 [main] DEBUG BaseActionHandler : Creating object ModelerFactory with method createModelerFactory
19:21:22,406 [main] DEBUG BaseActionHandler : Key base is test1.PackageModelDAO
19:21:22,406 [main] DEBUG BaseActionHandler : Creating object PackageModelDAO with method createPackageModelDAO
19:21:22,562 [main] DEBUG BaseActionHandler : Reporting logger name is workflow.test1.a.no_actionname
19:21:22,562 [main] DEBUG BaseActionHandler : Key base is test1.ModelerFactory
19:21:22,562 [main] DEBUG BaseActionHandler : Creating object ModelerFactory with method createModelerFactory
19:21:22,562 [main] DEBUG BaseActionHandler : Key base is test1.PackageModelDAO
19:21:22,562 [main] DEBUG BaseActionHandler : Creating object PackageModelDAO with method createPackageModelDAO
19:21:22,593 [main] DEBUG BaseActionHandler : Reporting logger name is workflow.test1.a.no_actionname
19:21:22,593 [main] DEBUG BaseActionHandler : Key base is test1.ModelerFactory
19:21:22,593 [main] DEBUG BaseActionHandler : Creating object ModelerFactory with method createModelerFactory
19:21:22,593 [main] DEBUG BaseActionHandler : Key base is test1.PackageModelDAO
19:21:22,593 [main] DEBUG BaseActionHandler : Creating object PackageModelDAO with method createPackageModelDAO
19:21:22,593 [main] DEBUG ModifiedTaskInstance : completion of task 'taska' results in taking transition 'Transition(continue)'
19:21:22,593 [main] DEBUG BaseActionHandler : Reporting logger name is workflow.test1.a.no_actionname
19:21:22,593 [main] DEBUG BaseActionHandler : Key base is test1.ModelerFactory
19:21:22,593 [main] DEBUG BaseActionHandler : Creating object ModelerFactory with method createModelerFactory
19:21:22,593 [main] DEBUG BaseActionHandler : Key base is test1.PackageModelDAO
19:21:22,593 [main] DEBUG BaseActionHandler : Creating object PackageModelDAO with method createPackageModelDAO
Tests run: 2, Failures: 0, Errors: 0, Skipped: 0, Time elapsed: 0.891 sec
Running gov.loc.repository.workflow.decisionhandlers.CheckPackageExistsDecisionHandlerTest
19:21:22,625 [main] INFO  HibernateUtil : Preparing connection for SUPER_USER
19:21:22,671 [main] INFO  HibernateUtil : Creating schemas
19:21:22,671 [main] DEBUG HibernateUtil : Schema core exists already
19:21:22,671 [main] DEBUG HibernateUtil : Schema agent exists already
19:21:22,671 [main] INFO  HibernateUtil : Dropping database
19:21:22,671 [main] INFO  HibernateUtil : Creating database
19:21:22,687 [main] ERROR SchemaExport : Unsuccessful: alter table core.event_file_examination_group add constraint FK83AF4BF33BC993B6 foreign key (performing_agent_key) references agent.agent
19:21:22,687 [main] ERROR SchemaExport : invalid schema name: AGENT in statement [alter table core.event_file_examination_group add constraint FK83AF4BF33BC993B6 foreign key (performing_agent_key) references agent.agent]
19:21:22,687 [main] ERROR SchemaExport : Unsuccessful: alter table core.event_file_examination_group add constraint FK83AF4BF3AEED74C3 foreign key (reporting_agent_key) references agent.agent
19:21:22,687 [main] ERROR SchemaExport : invalid schema name: AGENT in statement [alter table core.event_file_examination_group add constraint FK83AF4BF3AEED74C3 foreign key (reporting_agent_key) references agent.agent]
19:21:22,687 [main] ERROR SchemaExport : Unsuccessful: alter table core.event_file_examination_group add constraint FK83AF4BF3B7A8A348 foreign key (requesting_agent_key) references agent.agent
19:21:22,687 [main] ERROR SchemaExport : invalid schema name: AGENT in statement [alter table core.event_file_examination_group add constraint FK83AF4BF3B7A8A348 foreign key (requesting_agent_key) references agent.agent]
19:21:22,687 [main] ERROR SchemaExport : Unsuccessful: alter table core.event_file_location add constraint FKE01DF633D882A5E9 foreign key (repository_system_key) references agent.agent
19:21:22,687 [main] ERROR SchemaExport : invalid schema name: AGENT in statement [alter table core.event_file_location add constraint FKE01DF633D882A5E9 foreign key (repository_system_key) references agent.agent]
19:21:22,687 [main] ERROR SchemaExport : Unsuccessful: alter table core.event_file_location add constraint FKE01DF6333BC993B6 foreign key (performing_agent_key) references agent.agent
19:21:22,687 [main] ERROR SchemaExport : invalid schema name: AGENT in statement [alter table core.event_file_location add constraint FKE01DF6333BC993B6 foreign key (performing_agent_key) references agent.agent]
19:21:22,687 [main] ERROR SchemaExport : Unsuccessful: alter table core.event_file_location add constraint FKE01DF633AEED74C3 foreign key (reporting_agent_key) references agent.agent
19:21:22,687 [main] ERROR SchemaExport : invalid schema name: AGENT in statement [alter table core.event_file_location add constraint FKE01DF633AEED74C3 foreign key (reporting_agent_key) references agent.agent]
19:21:22,687 [main] ERROR SchemaExport : Unsuccessful: alter table core.event_file_location add constraint FKE01DF633B7A8A348 foreign key (requesting_agent_key) references agent.agent
19:21:22,687 [main] ERROR SchemaExport : invalid schema name: AGENT in statement [alter table core.event_file_location add constraint FKE01DF633B7A8A348 foreign key (requesting_agent_key) references agent.agent]
19:21:22,687 [main] ERROR SchemaExport : Unsuccessful: alter table core.event_package add constraint FKE6D413A13BC993B6 foreign key (performing_agent_key) references agent.agent
19:21:22,687 [main] ERROR SchemaExport : invalid schema name: AGENT in statement [alter table core.event_package add constraint FKE6D413A13BC993B6 foreign key (performing_agent_key) references agent.agent]
19:21:22,687 [main] ERROR SchemaExport : Unsuccessful: alter table core.event_package add constraint FKE6D413A1AEED74C3 foreign key (reporting_agent_key) references agent.agent
19:21:22,687 [main] ERROR SchemaExport : invalid schema name: AGENT in statement [alter table core.event_package add constraint FKE6D413A1AEED74C3 foreign key (reporting_agent_key) references agent.agent]
19:21:22,687 [main] ERROR SchemaExport : Unsuccessful: alter table core.event_package add constraint FKE6D413A1B7A8A348 foreign key (requesting_agent_key) references agent.agent
19:21:22,687 [main] ERROR SchemaExport : invalid schema name: AGENT in statement [alter table core.event_package add constraint FKE6D413A1B7A8A348 foreign key (requesting_agent_key) references agent.agent]
19:21:22,687 [main] ERROR SchemaExport : Unsuccessful: alter table core.storagesystem_filelocation add constraint FK78BB12E6557FE28F foreign key (storagesystem_key) references agent.agent
19:21:22,687 [main] ERROR SchemaExport : invalid schema name: AGENT in statement [alter table core.storagesystem_filelocation add constraint FK78BB12E6557FE28F foreign key (storagesystem_key) references agent.agent]
19:21:22,703 [main] INFO  ModelerFactoryImpl : Created Package with id foo_alpha1 that is part of Repository with id foo
19:21:22,718 [main] DEBUG BaseDecisionHandler : Creating object PackageModelDAO with method createPackageModelDAO
19:21:22,718 [main] DEBUG BaseDecisionHandler : Reporting logger name is workflow.no_processdefinitionname.a.no_actionname
19:21:22,718 [main] DEBUG BaseDecisionHandler : Decide returned continue
19:21:22,734 [main] INFO  ModelerFactoryImpl : Created Package with id foo_alpha2 that is part of Repository with id foo
19:21:22,734 [main] DEBUG BaseDecisionHandler : Creating object PackageModelDAO with method createPackageModelDAO
19:21:22,734 [main] DEBUG BaseDecisionHandler : Reporting logger name is workflow.no_processdefinitionname.a.no_actionname
19:21:22,750 [main] DEBUG BaseDecisionHandler : Decide returned retry
19:21:22,750 [main] INFO  ModelerFactoryImpl : Created Package with id foo_alpha3 that is part of Repository with id foo
19:21:22,750 [main] DEBUG BaseDecisionHandler : Creating object PackageModelDAO with method createPackageModelDAO
19:21:22,750 [main] DEBUG BaseDecisionHandler : Reporting logger name is workflow.no_processdefinitionname.a.no_actionname
19:21:22,765 [main] DEBUG BaseDecisionHandler : Decide returned continue
Tests run: 3, Failures: 0, Errors: 0, Skipped: 0, Time elapsed: 0.14 sec
Running gov.loc.repository.workflow.continuations.impl.SimpleContinuationControllerTest
19:21:22,796 [main] DEBUG SimpleContinuationControllerImpl : Taking success transition continue for token 3
19:21:23,015 [main] DEBUG SimpleContinuationControllerImpl : Suspending service requests for 4
19:21:23,500 [main] DEBUG SimpleContinuationControllerImpl : Suspending service requests for 5
Tests run: 3, Failures: 0, Errors: 0, Skipped: 0, Time elapsed: 0.75 sec
Running gov.loc.repository.workflow.actionhandlers.AddPackageEventActionHandlerTest
19:21:23,515 [main] INFO  HibernateUtil : Preparing connection for SUPER_USER
19:21:23,562 [main] INFO  HibernateUtil : Creating schemas
19:21:23,562 [main] DEBUG HibernateUtil : Schema core exists already
19:21:23,562 [main] DEBUG HibernateUtil : Schema agent exists already
19:21:23,562 [main] INFO  HibernateUtil : Dropping database
19:21:23,562 [main] INFO  HibernateUtil : Creating database
19:21:23,578 [main] ERROR SchemaExport : Unsuccessful: alter table core.event_file_examination_group add constraint FK83AF4BF33BC993B6 foreign key (performing_agent_key) references agent.agent
19:21:23,578 [main] ERROR SchemaExport : invalid schema name: AGENT in statement [alter table core.event_file_examination_group add constraint FK83AF4BF33BC993B6 foreign key (performing_agent_key) references agent.agent]
19:21:23,578 [main] ERROR SchemaExport : Unsuccessful: alter table core.event_file_examination_group add constraint FK83AF4BF3AEED74C3 foreign key (reporting_agent_key) references agent.agent
19:21:23,578 [main] ERROR SchemaExport : invalid schema name: AGENT in statement [alter table core.event_file_examination_group add constraint FK83AF4BF3AEED74C3 foreign key (reporting_agent_key) references agent.agent]
19:21:23,578 [main] ERROR SchemaExport : Unsuccessful: alter table core.event_file_examination_group add constraint FK83AF4BF3B7A8A348 foreign key (requesting_agent_key) references agent.agent
19:21:23,578 [main] ERROR SchemaExport : invalid schema name: AGENT in statement [alter table core.event_file_examination_group add constraint FK83AF4BF3B7A8A348 foreign key (requesting_agent_key) references agent.agent]
19:21:23,578 [main] ERROR SchemaExport : Unsuccessful: alter table core.event_file_location add constraint FKE01DF633D882A5E9 foreign key (repository_system_key) references agent.agent
19:21:23,578 [main] ERROR SchemaExport : invalid schema name: AGENT in statement [alter table core.event_file_location add constraint FKE01DF633D882A5E9 foreign key (repository_system_key) references agent.agent]
19:21:23,578 [main] ERROR SchemaExport : Unsuccessful: alter table core.event_file_location add constraint FKE01DF6333BC993B6 foreign key (performing_agent_key) references agent.agent
19:21:23,578 [main] ERROR SchemaExport : invalid schema name: AGENT in statement [alter table core.event_file_location add constraint FKE01DF6333BC993B6 foreign key (performing_agent_key) references agent.agent]
19:21:23,578 [main] ERROR SchemaExport : Unsuccessful: alter table core.event_file_location add constraint FKE01DF633AEED74C3 foreign key (reporting_agent_key) references agent.agent
19:21:23,578 [main] ERROR SchemaExport : invalid schema name: AGENT in statement [alter table core.event_file_location add constraint FKE01DF633AEED74C3 foreign key (reporting_agent_key) references agent.agent]
19:21:23,578 [main] ERROR SchemaExport : Unsuccessful: alter table core.event_file_location add constraint FKE01DF633B7A8A348 foreign key (requesting_agent_key) references agent.agent
19:21:23,578 [main] ERROR SchemaExport : invalid schema name: AGENT in statement [alter table core.event_file_location add constraint FKE01DF633B7A8A348 foreign key (requesting_agent_key) references agent.agent]
19:21:23,578 [main] ERROR SchemaExport : Unsuccessful: alter table core.event_package add constraint FKE6D413A13BC993B6 foreign key (performing_agent_key) references agent.agent
19:21:23,578 [main] ERROR SchemaExport : invalid schema name: AGENT in statement [alter table core.event_package add constraint FKE6D413A13BC993B6 foreign key (performing_agent_key) references agent.agent]
19:21:23,578 [main] ERROR SchemaExport : Unsuccessful: alter table core.event_package add constraint FKE6D413A1AEED74C3 foreign key (reporting_agent_key) references agent.agent
19:21:23,578 [main] ERROR SchemaExport : invalid schema name: AGENT in statement [alter table core.event_package add constraint FKE6D413A1AEED74C3 foreign key (reporting_agent_key) references agent.agent]
19:21:23,578 [main] ERROR SchemaExport : Unsuccessful: alter table core.event_package add constraint FKE6D413A1B7A8A348 foreign key (requesting_agent_key) references agent.agent
19:21:23,578 [main] ERROR SchemaExport : invalid schema name: AGENT in statement [alter table core.event_package add constraint FKE6D413A1B7A8A348 foreign key (requesting_agent_key) references agent.agent]
19:21:23,578 [main] ERROR SchemaExport : Unsuccessful: alter table core.storagesystem_filelocation add constraint FK78BB12E6557FE28F foreign key (storagesystem_key) references agent.agent
19:21:23,578 [main] ERROR SchemaExport : invalid schema name: AGENT in statement [alter table core.storagesystem_filelocation add constraint FK78BB12E6557FE28F foreign key (storagesystem_key) references agent.agent]
19:21:23,593 [main] INFO  ModelerFactoryImpl : Created Package with id foo_alpha1 that is part of Repository with id foo
19:21:23,609 [main] DEBUG Action : Changing AddPackageEventActionHandler to gov.loc.repository.workflow.actionhandlers.AddPackageEventActionHandler
19:21:23,609 [main] DEBUG Action : Setting config-type to constructor for gov.loc.repository.workflow.actionhandlers.AddPackageEventActionHandler
19:21:23,609 [main] DEBUG FieldInstantiator : Context variable name is packageKey
19:21:23,609 [main] DEBUG FieldInstantiator : Setting field packageKey to 1
19:21:23,609 [main] WARN  BaseActionHandler : Not operating in jbpmContext, so can't get beans from Spring application context
19:21:23,609 [main] DEBUG BaseActionHandler : Reporting logger name is workflow.no_processdefinitionname.a.add generic event action
19:21:23,609 [main] DEBUG BaseActionHandler : Key base is null.add_generic_event_action.ModelerFactory
19:21:23,609 [main] DEBUG BaseActionHandler : Creating object ModelerFactory with method createModelerFactory
19:21:23,625 [main] DEBUG BaseActionHandler : Key base is null.add_generic_event_action.PackageModelDAO
19:21:23,625 [main] DEBUG BaseActionHandler : Creating object PackageModelDAO with method createPackageModelDAO
19:21:23,625 [main] INFO  ModelerFactoryImpl : Created Package Event of type gov.loc.repository.packagemodeler.events.packge.impl.PackageReceivedEventImpl, associated with Package with id foo_alpha1 that is part of Repository with id foo, and with an event start of May 20, 2008 7:21:23 PM
19:21:23,625 [main] DEBUG AddPackageEventActionHandler : Adding event of type gov.loc.repository.packagemodeler.events.packge.PackageReceivedEvent to Package with id foo_alpha1 that is part of Repository with id foo.  Event success: true
19:21:23,625 [main] DEBUG ModifiedTaskInstance : completion of task 'a task' results in taking transition 'Transition(continue)'
Tests run: 1, Failures: 0, Errors: 0, Skipped: 0, Time elapsed: 0.125 sec
Running gov.loc.repository.workflow.continuations.CompletedServiceRequestListenerTest
19:21:23,703 [Thread-1] DEBUG CompletedServiceRequestListener : Starting
19:21:23,703 [Thread-1] DEBUG CompletedServiceRequestListener : Received Service Request with key null, requester foo, jobType test and queue jobqueue.  String entries contains {}.  Integer entries contains {}.  Boolean entries contains {}
19:21:23,703 [Thread-1] DEBUG CompletedServiceRequestListener : Received Service Request with key null, requester foo, jobType test and queue jobqueue.  String entries contains {}.  Integer entries contains {}.  Boolean entries contains {}
19:21:23,718 [Thread-1] DEBUG CompletedServiceRequestListener : Sleeping
19:21:25,703 [main] DEBUG CompletedServiceRequestListener : Stopping
Tests run: 1, Failures: 0, Errors: 0, Skipped: 0, Time elapsed: 2.063 sec
Running gov.loc.repository.workflow.actionhandlers.AddStorageSystemFileLocationActionHandlerTest
19:21:25,703 [main] INFO  HibernateUtil : Preparing connection for SUPER_USER
19:21:25,796 [main] INFO  HibernateUtil : Creating schemas
19:21:25,796 [main] DEBUG HibernateUtil : Schema core exists already
19:21:25,796 [main] DEBUG HibernateUtil : Schema agent exists already
19:21:25,812 [main] INFO  HibernateUtil : Dropping database
19:21:25,812 [main] INFO  HibernateUtil : Creating database
19:21:25,828 [main] ERROR SchemaExport : Unsuccessful: alter table core.event_file_examination_group add constraint FK83AF4BF33BC993B6 foreign key (performing_agent_key) references agent.agent
19:21:25,828 [main] ERROR SchemaExport : invalid schema name: AGENT in statement [alter table core.event_file_examination_group add constraint FK83AF4BF33BC993B6 foreign key (performing_agent_key) references agent.agent]
19:21:25,828 [main] ERROR SchemaExport : Unsuccessful: alter table core.event_file_examination_group add constraint FK83AF4BF3AEED74C3 foreign key (reporting_agent_key) references agent.agent
19:21:25,828 [main] ERROR SchemaExport : invalid schema name: AGENT in statement [alter table core.event_file_examination_group add constraint FK83AF4BF3AEED74C3 foreign key (reporting_agent_key) references agent.agent]
19:21:25,828 [main] ERROR SchemaExport : Unsuccessful: alter table core.event_file_examination_group add constraint FK83AF4BF3B7A8A348 foreign key (requesting_agent_key) references agent.agent
19:21:25,828 [main] ERROR SchemaExport : invalid schema name: AGENT in statement [alter table core.event_file_examination_group add constraint FK83AF4BF3B7A8A348 foreign key (requesting_agent_key) references agent.agent]
19:21:25,843 [main] ERROR SchemaExport : Unsuccessful: alter table core.event_file_location add constraint FKE01DF633D882A5E9 foreign key (repository_system_key) references agent.agent
19:21:25,843 [main] ERROR SchemaExport : invalid schema name: AGENT in statement [alter table core.event_file_location add constraint FKE01DF633D882A5E9 foreign key (repository_system_key) references agent.agent]
19:21:25,843 [main] ERROR SchemaExport : Unsuccessful: alter table core.event_file_location add constraint FKE01DF6333BC993B6 foreign key (performing_agent_key) references agent.agent
19:21:25,843 [main] ERROR SchemaExport : invalid schema name: AGENT in statement [alter table core.event_file_location add constraint FKE01DF6333BC993B6 foreign key (performing_agent_key) references agent.agent]
19:21:25,843 [main] ERROR SchemaExport : Unsuccessful: alter table core.event_file_location add constraint FKE01DF633AEED74C3 foreign key (reporting_agent_key) references agent.agent
19:21:25,843 [main] ERROR SchemaExport : invalid schema name: AGENT in statement [alter table core.event_file_location add constraint FKE01DF633AEED74C3 foreign key (reporting_agent_key) references agent.agent]
19:21:25,843 [main] ERROR SchemaExport : Unsuccessful: alter table core.event_file_location add constraint FKE01DF633B7A8A348 foreign key (requesting_agent_key) references agent.agent
19:21:25,843 [main] ERROR SchemaExport : invalid schema name: AGENT in statement [alter table core.event_file_location add constraint FKE01DF633B7A8A348 foreign key (requesting_agent_key) references agent.agent]
19:21:25,843 [main] ERROR SchemaExport : Unsuccessful: alter table core.event_package add constraint FKE6D413A13BC993B6 foreign key (performing_agent_key) references agent.agent
19:21:25,843 [main] ERROR SchemaExport : invalid schema name: AGENT in statement [alter table core.event_package add constraint FKE6D413A13BC993B6 foreign key (performing_agent_key) references agent.agent]
19:21:25,843 [main] ERROR SchemaExport : Unsuccessful: alter table core.event_package add constraint FKE6D413A1AEED74C3 foreign key (reporting_agent_key) references agent.agent
19:21:25,843 [main] ERROR SchemaExport : invalid schema name: AGENT in statement [alter table core.event_package add constraint FKE6D413A1AEED74C3 foreign key (reporting_agent_key) references agent.agent]
19:21:25,843 [main] ERROR SchemaExport : Unsuccessful: alter table core.event_package add constraint FKE6D413A1B7A8A348 foreign key (requesting_agent_key) references agent.agent
19:21:25,843 [main] ERROR SchemaExport : invalid schema name: AGENT in statement [alter table core.event_package add constraint FKE6D413A1B7A8A348 foreign key (requesting_agent_key) references agent.agent]
19:21:25,843 [main] ERROR SchemaExport : Unsuccessful: alter table core.storagesystem_filelocation add constraint FK78BB12E6557FE28F foreign key (storagesystem_key) references agent.agent
19:21:25,843 [main] ERROR SchemaExport : invalid schema name: AGENT in statement [alter table core.storagesystem_filelocation add constraint FK78BB12E6557FE28F foreign key (storagesystem_key) references agent.agent]
19:21:25,859 [main] INFO  ModelerFactoryImpl : Created Package with id foo_alpha1 that is part of Repository with id foo
19:21:25,875 [main] DEBUG Action : Changing AddStorageSystemFileLocationActionHandler to gov.loc.repository.workflow.actionhandlers.AddStorageSystemFileLocationActionHandler
19:21:25,890 [main] DEBUG Action : Setting config-type to constructor for gov.loc.repository.workflow.actionhandlers.AddStorageSystemFileLocationActionHandler
19:21:25,890 [main] WARN  BaseActionHandler : Not operating in jbpmContext, so can't get beans from Spring application context
19:21:25,906 [main] DEBUG BaseActionHandler : Reporting logger name is workflow.no_processdefinitionname.no_nodename.add staging file location
19:21:25,906 [main] DEBUG BaseActionHandler : Key base is null.add_staging_file_location.ModelerFactory
19:21:25,906 [main] DEBUG BaseActionHandler : Creating object ModelerFactory with method createModelerFactory
19:21:25,906 [main] DEBUG BaseActionHandler : Key base is null.add_staging_file_location.PackageModelDAO
19:21:25,906 [main] DEBUG BaseActionHandler : Creating object PackageModelDAO with method createPackageModelDAO
19:21:25,937 [main] DEBUG FilenameHelper : Normalized /foo to /foo
19:21:25,937 [main] INFO  ModelerFactoryImpl : Created Storage System File Location with basepath /foo and is part of System with id rdc
19:21:25,937 [main] DEBUG AddStorageSystemFileLocationActionHandler : Storage System File Location with storage system id rdc and basepath /foo added for Package with id foo_alpha1 that is part of Repository with id foo
19:21:25,937 [main] DEBUG FilenameHelper : Normalized /foo to /foo
Tests run: 1, Failures: 0, Errors: 0, Skipped: 0, Time elapsed: 0.25 sec
Running gov.loc.repository.workflow.jbpm.taskmgmt.exe.TaskInstanceTest
19:21:25,984 [main] WARN  StatefulPersistenceContext : Narrowing proxy to class org.jbpm.graph.node.TaskNode - this operation breaks ==
19:21:26,093 [main] DEBUG BaseActionHandler : Reporting logger name is workflow.test.a.test
19:21:26,093 [main] DEBUG BaseActionHandler : Key base is test.test.ModelerFactory
19:21:26,093 [main] DEBUG BaseActionHandler : Creating object ModelerFactory with method createModelerFactory
19:21:26,093 [main] DEBUG BaseActionHandler : Key base is test.test.PackageModelDAO
19:21:26,109 [main] DEBUG BaseActionHandler : Creating object PackageModelDAO with method createPackageModelDAO
19:21:26,109 [main] DEBUG ModifiedTaskInstance : completion of task 'a task' results in taking transition 'Transition(continue)'
Tests run: 1, Failures: 0, Errors: 0, Skipped: 0, Time elapsed: 0.172 sec
Running gov.loc.repository.workflow.actionhandlers.ServiceInvocationHandlerTest
19:21:26,125 [main] DEBUG ResourceResolver : Finding resource list for conf/services.*.properties
19:21:26,140 [main] DEBUG ResourceResolver : Finding resource conf/services.properties
19:21:26,437 [main] DEBUG BaseActionHandler : Key base is none.TestComponent
19:21:26,437 [main] DEBUG BaseActionHandler : Configuration key none.TestComponent.queue has value jobQueue
19:21:26,437 [main] DEBUG ServiceInvocationHandler : Parameter type is java.lang.String.  Parameter name is message
19:21:26,453 [main] DEBUG ServiceInvocationHandler : Parameter type is boolean.  Parameter name is istrue
19:21:26,453 [main] DEBUG ServiceInvocationHandler : Parameter type is long.  Parameter name is key
19:21:26,453 [main] DEBUG ServiceInvocationHandler : Sending Service Request: Service Request with key null, requester null, jobType test and queue jobQueue.  String entries contains {message=foo}.  Integer entries contains {key=1}.  Boolean entries contains {istrue=true}
19:21:26,812 [main] DEBUG BaseActionHandler : Key base is none.TestComponent
19:21:26,812 [main] DEBUG BaseActionHandler : Configuration key none.TestComponent.queue has value jobQueue
19:21:26,812 [main] DEBUG ServiceInvocationHandler : Parameter type is java.lang.String.  Parameter name is message
19:21:26,812 [main] DEBUG ServiceInvocationHandler : Parameter type is boolean.  Parameter name is istrue
19:21:26,812 [main] DEBUG ServiceInvocationHandler : Parameter type is long.  Parameter name is key
19:21:26,812 [main] DEBUG ServiceInvocationHandler : Sending Service Request: Service Request with key null, requester null, jobType test and queue jobQueue.  String entries contains {message=null}.  Integer entries contains {key=1}.  Boolean entries contains {istrue=true}
Tests run: 2, Failures: 0, Errors: 0, Skipped: 0, Time elapsed: 0.937 sec
Running gov.loc.repository.workflow.actionhandlers.ExceptionInActionHandlerTest
19:21:27,093 [main] DEBUG Action : Changing ExceptionThrowingActionHandler to gov.loc.repository.workflow.actionhandlers.ExceptionThrowingActionHandler
19:21:27,093 [main] DEBUG Action : Setting config-type to constructor for gov.loc.repository.workflow.actionhandlers.ExceptionThrowingActionHandler
19:21:27,093 [main] DEBUG Action : Changing RecordingActionHandler to gov.loc.repository.workflow.actionhandlers.RecordingActionHandler
19:21:27,093 [main] DEBUG Action : Setting config-type to constructor for gov.loc.repository.workflow.actionhandlers.RecordingActionHandler
19:21:27,343 [main] DEBUG BaseActionHandler : Reporting logger name is workflow.test.a.a-action
19:21:27,343 [main] DEBUG BaseActionHandler : Key base is test.a-action.ModelerFactory
19:21:27,343 [main] DEBUG BaseActionHandler : Creating object ModelerFactory with method createModelerFactory
19:21:27,343 [main] DEBUG BaseActionHandler : Key base is test.a-action.PackageModelDAO
19:21:27,359 [main] DEBUG BaseActionHandler : Creating object PackageModelDAO with method createPackageModelDAO
19:21:27,359 [main] ERROR BaseActionHandler : Process instance 7, token 7 threw an exception.  Current node is a.  Current action is a-action.
java.lang.Exception: Oops.  An exception occurred.
	at gov.loc.repository.workflow.actionhandlers.ExceptionThrowingActionHandler.execute(ExceptionThrowingActionHandler.java:13)
	at gov.loc.repository.workflow.actionhandlers.BaseActionHandler.execute(BaseActionHandler.java:108)
	at org.jbpm.graph.def.Action.execute(Action.java:122)
	at sun.reflect.NativeMethodAccessorImpl.invoke0(Native Method)
	at sun.reflect.NativeMethodAccessorImpl.invoke(NativeMethodAccessorImpl.java:39)
	at sun.reflect.DelegatingMethodAccessorImpl.invoke(DelegatingMethodAccessorImpl.java:25)
	at java.lang.reflect.Method.invoke(Method.java:597)
	at org.hibernate.proxy.pojo.cglib.CGLIBLazyInitializer.invoke(CGLIBLazyInitializer.java:147)
	at org.jbpm.graph.def.Action$$EnhancerByCGLIB$$54714a1b.execute(<generated>)
	at org.jbpm.graph.def.GraphElement.executeAction(GraphElement.java:264)
	at org.jbpm.graph.def.Node.execute(Node.java:339)
	at org.jbpm.graph.def.Node.enter(Node.java:319)
	at sun.reflect.NativeMethodAccessorImpl.invoke0(Native Method)
	at sun.reflect.NativeMethodAccessorImpl.invoke(NativeMethodAccessorImpl.java:39)
	at sun.reflect.DelegatingMethodAccessorImpl.invoke(DelegatingMethodAccessorImpl.java:25)
	at java.lang.reflect.Method.invoke(Method.java:597)
	at org.hibernate.proxy.pojo.cglib.CGLIBLazyInitializer.invoke(CGLIBLazyInitializer.java:147)
	at org.jbpm.graph.def.Node$$EnhancerByCGLIB$$d8970ee7.enter(<generated>)
	at org.jbpm.graph.def.Transition.take(Transition.java:151)
	at org.jbpm.graph.def.Node.leave(Node.java:394)
	at org.jbpm.graph.node.StartState.leave(StartState.java:70)
	at sun.reflect.NativeMethodAccessorImpl.invoke0(Native Method)
	at sun.reflect.NativeMethodAccessorImpl.invoke(NativeMethodAccessorImpl.java:39)
	at sun.reflect.DelegatingMethodAccessorImpl.invoke(DelegatingMethodAccessorImpl.java:25)
	at java.lang.reflect.Method.invoke(Method.java:597)
	at org.hibernate.proxy.pojo.cglib.CGLIBLazyInitializer.invoke(CGLIBLazyInitializer.java:147)
	at org.jbpm.graph.def.Node$$EnhancerByCGLIB$$d8970ee7.leave(<generated>)
	at org.jbpm.graph.exe.Token.signal(Token.java:195)
	at org.jbpm.graph.exe.Token.signal(Token.java:140)
	at org.jbpm.graph.exe.ProcessInstance.signal(ProcessInstance.java:271)
	at gov.loc.repository.workflow.actionhandlers.ExceptionInActionHandlerTest.executeExceptionInMainActionHandler(ExceptionInActionHandlerTest.java:82)
	at sun.reflect.NativeMethodAccessorImpl.invoke0(Native Method)
	at sun.reflect.NativeMethodAccessorImpl.invoke(NativeMethodAccessorImpl.java:39)
	at sun.reflect.DelegatingMethodAccessorImpl.invoke(DelegatingMethodAccessorImpl.java:25)
	at java.lang.reflect.Method.invoke(Method.java:597)
	at org.springframework.test.context.junit4.SpringTestMethod.invoke(SpringTestMethod.java:163)
	at org.springframework.test.context.junit4.SpringMethodRoadie.runTestMethod(SpringMethodRoadie.java:233)
	at org.springframework.test.context.junit4.SpringMethodRoadie$RunBeforesThenTestThenAfters.run(SpringMethodRoadie.java:333)
	at org.springframework.test.context.junit4.SpringMethodRoadie.runWithRepetitions(SpringMethodRoadie.java:217)
	at org.springframework.test.context.junit4.SpringMethodRoadie.runTest(SpringMethodRoadie.java:197)
	at org.springframework.test.context.junit4.SpringMethodRoadie.run(SpringMethodRoadie.java:143)
	at org.springframework.test.context.junit4.SpringJUnit4ClassRunner.invokeTestMethod(SpringJUnit4ClassRunner.java:142)
	at org.junit.internal.runners.JUnit4ClassRunner.runMethods(JUnit4ClassRunner.java:51)
	at org.junit.internal.runners.JUnit4ClassRunner$1.run(JUnit4ClassRunner.java:44)
	at org.junit.internal.runners.ClassRoadie.runUnprotected(ClassRoadie.java:27)
	at org.junit.internal.runners.ClassRoadie.runProtected(ClassRoadie.java:37)
	at org.junit.internal.runners.JUnit4ClassRunner.run(JUnit4ClassRunner.java:42)
	at org.apache.maven.surefire.junit4.JUnit4TestSet.execute(JUnit4TestSet.java:62)
	at org.apache.maven.surefire.suite.AbstractDirectoryTestSuite.executeTestSet(AbstractDirectoryTestSuite.java:140)
	at org.apache.maven.surefire.suite.AbstractDirectoryTestSuite.execute(AbstractDirectoryTestSuite.java:127)
	at org.apache.maven.surefire.Surefire.run(Surefire.java:177)
	at sun.reflect.NativeMethodAccessorImpl.invoke0(Native Method)
	at sun.reflect.NativeMethodAccessorImpl.invoke(NativeMethodAccessorImpl.java:39)
	at sun.reflect.DelegatingMethodAccessorImpl.invoke(DelegatingMethodAccessorImpl.java:25)
	at java.lang.reflect.Method.invoke(Method.java:597)
	at org.apache.maven.surefire.booter.SurefireBooter.runSuitesInProcess(SurefireBooter.java:338)
	at org.apache.maven.surefire.booter.SurefireBooter.main(SurefireBooter.java:997)
19:21:27,375 [main] ERROR GraphElement : action threw exception: java.lang.Exception: Oops.  An exception occurred.
gov.loc.repository.workflow.actionhandlers.ActionHandlerException: java.lang.Exception: Oops.  An exception occurred.
	at gov.loc.repository.workflow.actionhandlers.BaseActionHandler.execute(BaseActionHandler.java:173)
	at org.jbpm.graph.def.Action.execute(Action.java:122)
	at sun.reflect.NativeMethodAccessorImpl.invoke0(Native Method)
	at sun.reflect.NativeMethodAccessorImpl.invoke(NativeMethodAccessorImpl.java:39)
	at sun.reflect.DelegatingMethodAccessorImpl.invoke(DelegatingMethodAccessorImpl.java:25)
	at java.lang.reflect.Method.invoke(Method.java:597)
	at org.hibernate.proxy.pojo.cglib.CGLIBLazyInitializer.invoke(CGLIBLazyInitializer.java:147)
	at org.jbpm.graph.def.Action$$EnhancerByCGLIB$$54714a1b.execute(<generated>)
	at org.jbpm.graph.def.GraphElement.executeAction(GraphElement.java:264)
	at org.jbpm.graph.def.Node.execute(Node.java:339)
	at org.jbpm.graph.def.Node.enter(Node.java:319)
	at sun.reflect.NativeMethodAccessorImpl.invoke0(Native Method)
	at sun.reflect.NativeMethodAccessorImpl.invoke(NativeMethodAccessorImpl.java:39)
	at sun.reflect.DelegatingMethodAccessorImpl.invoke(DelegatingMethodAccessorImpl.java:25)
	at java.lang.reflect.Method.invoke(Method.java:597)
	at org.hibernate.proxy.pojo.cglib.CGLIBLazyInitializer.invoke(CGLIBLazyInitializer.java:147)
	at org.jbpm.graph.def.Node$$EnhancerByCGLIB$$d8970ee7.enter(<generated>)
	at org.jbpm.graph.def.Transition.take(Transition.java:151)
	at org.jbpm.graph.def.Node.leave(Node.java:394)
	at org.jbpm.graph.node.StartState.leave(StartState.java:70)
	at sun.reflect.NativeMethodAccessorImpl.invoke0(Native Method)
	at sun.reflect.NativeMethodAccessorImpl.invoke(NativeMethodAccessorImpl.java:39)
	at sun.reflect.DelegatingMethodAccessorImpl.invoke(DelegatingMethodAccessorImpl.java:25)
	at java.lang.reflect.Method.invoke(Method.java:597)
	at org.hibernate.proxy.pojo.cglib.CGLIBLazyInitializer.invoke(CGLIBLazyInitializer.java:147)
	at org.jbpm.graph.def.Node$$EnhancerByCGLIB$$d8970ee7.leave(<generated>)
	at org.jbpm.graph.exe.Token.signal(Token.java:195)
	at org.jbpm.graph.exe.Token.signal(Token.java:140)
	at org.jbpm.graph.exe.ProcessInstance.signal(ProcessInstance.java:271)
	at gov.loc.repository.workflow.actionhandlers.ExceptionInActionHandlerTest.executeExceptionInMainActionHandler(ExceptionInActionHandlerTest.java:82)
	at sun.reflect.NativeMethodAccessorImpl.invoke0(Native Method)
	at sun.reflect.NativeMethodAccessorImpl.invoke(NativeMethodAccessorImpl.java:39)
	at sun.reflect.DelegatingMethodAccessorImpl.invoke(DelegatingMethodAccessorImpl.java:25)
	at java.lang.reflect.Method.invoke(Method.java:597)
	at org.springframework.test.context.junit4.SpringTestMethod.invoke(SpringTestMethod.java:163)
	at org.springframework.test.context.junit4.SpringMethodRoadie.runTestMethod(SpringMethodRoadie.java:233)
	at org.springframework.test.context.junit4.SpringMethodRoadie$RunBeforesThenTestThenAfters.run(SpringMethodRoadie.java:333)
	at org.springframework.test.context.junit4.SpringMethodRoadie.runWithRepetitions(SpringMethodRoadie.java:217)
	at org.springframework.test.context.junit4.SpringMethodRoadie.runTest(SpringMethodRoadie.java:197)
	at org.springframework.test.context.junit4.SpringMethodRoadie.run(SpringMethodRoadie.java:143)
	at org.springframework.test.context.junit4.SpringJUnit4ClassRunner.invokeTestMethod(SpringJUnit4ClassRunner.java:142)
	at org.junit.internal.runners.JUnit4ClassRunner.runMethods(JUnit4ClassRunner.java:51)
	at org.junit.internal.runners.JUnit4ClassRunner$1.run(JUnit4ClassRunner.java:44)
	at org.junit.internal.runners.ClassRoadie.runUnprotected(ClassRoadie.java:27)
	at org.junit.internal.runners.ClassRoadie.runProtected(ClassRoadie.java:37)
	at org.junit.internal.runners.JUnit4ClassRunner.run(JUnit4ClassRunner.java:42)
	at org.apache.maven.surefire.junit4.JUnit4TestSet.execute(JUnit4TestSet.java:62)
	at org.apache.maven.surefire.suite.AbstractDirectoryTestSuite.executeTestSet(AbstractDirectoryTestSuite.java:140)
	at org.apache.maven.surefire.suite.AbstractDirectoryTestSuite.execute(AbstractDirectoryTestSuite.java:127)
	at org.apache.maven.surefire.Surefire.run(Surefire.java:177)
	at sun.reflect.NativeMethodAccessorImpl.invoke0(Native Method)
	at sun.reflect.NativeMethodAccessorImpl.invoke(NativeMethodAccessorImpl.java:39)
	at sun.reflect.DelegatingMethodAccessorImpl.invoke(DelegatingMethodAccessorImpl.java:25)
	at java.lang.reflect.Method.invoke(Method.java:597)
	at org.apache.maven.surefire.booter.SurefireBooter.runSuitesInProcess(SurefireBooter.java:338)
	at org.apache.maven.surefire.booter.SurefireBooter.main(SurefireBooter.java:997)
Caused by: java.lang.Exception: Oops.  An exception occurred.
	at gov.loc.repository.workflow.actionhandlers.ExceptionThrowingActionHandler.execute(ExceptionThrowingActionHandler.java:13)
	at gov.loc.repository.workflow.actionhandlers.BaseActionHandler.execute(BaseActionHandler.java:108)
	... 55 more
19:21:27,390 [main] DEBUG Action : Changing ExceptionThrowingActionHandler to gov.loc.repository.workflow.actionhandlers.ExceptionThrowingActionHandler
19:21:27,390 [main] DEBUG Action : Setting config-type to constructor for gov.loc.repository.workflow.actionhandlers.ExceptionThrowingActionHandler
19:21:27,390 [main] DEBUG Action : Changing RecordingActionHandler to gov.loc.repository.workflow.actionhandlers.RecordingActionHandler
19:21:27,390 [main] DEBUG Action : Setting config-type to constructor for gov.loc.repository.workflow.actionhandlers.RecordingActionHandler
19:21:27,406 [main] WARN  StatefulPersistenceContext : Narrowing proxy to class org.jbpm.graph.node.State - this operation breaks ==
19:21:27,531 [main] DEBUG BaseActionHandler : Reporting logger name is workflow.test.a.a-nodeenteraction
19:21:27,531 [main] DEBUG BaseActionHandler : Key base is test.a-nodeenteraction.ModelerFactory
19:21:27,546 [main] DEBUG BaseActionHandler : Creating object ModelerFactory with method createModelerFactory
19:21:27,546 [main] DEBUG BaseActionHandler : Key base is test.a-nodeenteraction.PackageModelDAO
19:21:27,546 [main] DEBUG BaseActionHandler : Creating object PackageModelDAO with method createPackageModelDAO
19:21:27,562 [main] ERROR BaseActionHandler : Process instance 8, token 8 threw an exception.  Current node is a.  Current action is a-nodeenteraction.
java.lang.Exception: Oops.  An exception occurred.
	at gov.loc.repository.workflow.actionhandlers.ExceptionThrowingActionHandler.execute(ExceptionThrowingActionHandler.java:13)
	at gov.loc.repository.workflow.actionhandlers.BaseActionHandler.execute(BaseActionHandler.java:108)
	at org.jbpm.graph.def.Action.execute(Action.java:122)
	at org.jbpm.graph.def.GraphElement.executeAction(GraphElement.java:264)
	at org.jbpm.graph.def.GraphElement.executeActions(GraphElement.java:220)
	at org.jbpm.graph.def.GraphElement.fireAndPropagateEvent(GraphElement.java:190)
	at org.jbpm.graph.def.GraphElement.fireEvent(GraphElement.java:174)
	at org.jbpm.graph.def.Node.enter(Node.java:303)
	at sun.reflect.NativeMethodAccessorImpl.invoke0(Native Method)
	at sun.reflect.NativeMethodAccessorImpl.invoke(NativeMethodAccessorImpl.java:39)
	at sun.reflect.DelegatingMethodAccessorImpl.invoke(DelegatingMethodAccessorImpl.java:25)
	at java.lang.reflect.Method.invoke(Method.java:597)
	at org.hibernate.proxy.pojo.cglib.CGLIBLazyInitializer.invoke(CGLIBLazyInitializer.java:147)
	at org.jbpm.graph.def.Node$$EnhancerByCGLIB$$d8970ee7.enter(<generated>)
	at org.jbpm.graph.def.Transition.take(Transition.java:151)
	at org.jbpm.graph.def.Node.leave(Node.java:394)
	at org.jbpm.graph.node.StartState.leave(StartState.java:70)
	at sun.reflect.NativeMethodAccessorImpl.invoke0(Native Method)
	at sun.reflect.NativeMethodAccessorImpl.invoke(NativeMethodAccessorImpl.java:39)
	at sun.reflect.DelegatingMethodAccessorImpl.invoke(DelegatingMethodAccessorImpl.java:25)
	at java.lang.reflect.Method.invoke(Method.java:597)
	at org.hibernate.proxy.pojo.cglib.CGLIBLazyInitializer.invoke(CGLIBLazyInitializer.java:147)
	at org.jbpm.graph.def.Node$$EnhancerByCGLIB$$d8970ee7.leave(<generated>)
	at org.jbpm.graph.exe.Token.signal(Token.java:195)
	at org.jbpm.graph.exe.Token.signal(Token.java:140)
	at org.jbpm.graph.exe.ProcessInstance.signal(ProcessInstance.java:271)
	at gov.loc.repository.workflow.actionhandlers.ExceptionInActionHandlerTest.executeExceptionInNodeEnterActionHandler(ExceptionInActionHandlerTest.java:147)
	at sun.reflect.NativeMethodAccessorImpl.invoke0(Native Method)
	at sun.reflect.NativeMethodAccessorImpl.invoke(NativeMethodAccessorImpl.java:39)
	at sun.reflect.DelegatingMethodAccessorImpl.invoke(DelegatingMethodAccessorImpl.java:25)
	at java.lang.reflect.Method.invoke(Method.java:597)
	at org.springframework.test.context.junit4.SpringTestMethod.invoke(SpringTestMethod.java:163)
	at org.springframework.test.context.junit4.SpringMethodRoadie.runTestMethod(SpringMethodRoadie.java:233)
	at org.springframework.test.context.junit4.SpringMethodRoadie$RunBeforesThenTestThenAfters.run(SpringMethodRoadie.java:333)
	at org.springframework.test.context.junit4.SpringMethodRoadie.runWithRepetitions(SpringMethodRoadie.java:217)
	at org.springframework.test.context.junit4.SpringMethodRoadie.runTest(SpringMethodRoadie.java:197)
	at org.springframework.test.context.junit4.SpringMethodRoadie.run(SpringMethodRoadie.java:143)
	at org.springframework.test.context.junit4.SpringJUnit4ClassRunner.invokeTestMethod(SpringJUnit4ClassRunner.java:142)
	at org.junit.internal.runners.JUnit4ClassRunner.runMethods(JUnit4ClassRunner.java:51)
	at org.junit.internal.runners.JUnit4ClassRunner$1.run(JUnit4ClassRunner.java:44)
	at org.junit.internal.runners.ClassRoadie.runUnprotected(ClassRoadie.java:27)
	at org.junit.internal.runners.ClassRoadie.runProtected(ClassRoadie.java:37)
	at org.junit.internal.runners.JUnit4ClassRunner.run(JUnit4ClassRunner.java:42)
	at org.apache.maven.surefire.junit4.JUnit4TestSet.execute(JUnit4TestSet.java:62)
	at org.apache.maven.surefire.suite.AbstractDirectoryTestSuite.executeTestSet(AbstractDirectoryTestSuite.java:140)
	at org.apache.maven.surefire.suite.AbstractDirectoryTestSuite.execute(AbstractDirectoryTestSuite.java:127)
	at org.apache.maven.surefire.Surefire.run(Surefire.java:177)
	at sun.reflect.NativeMethodAccessorImpl.invoke0(Native Method)
	at sun.reflect.NativeMethodAccessorImpl.invoke(NativeMethodAccessorImpl.java:39)
	at sun.reflect.DelegatingMethodAccessorImpl.invoke(DelegatingMethodAccessorImpl.java:25)
	at java.lang.reflect.Method.invoke(Method.java:597)
	at org.apache.maven.surefire.booter.SurefireBooter.runSuitesInProcess(SurefireBooter.java:338)
	at org.apache.maven.surefire.booter.SurefireBooter.main(SurefireBooter.java:997)
19:21:27,562 [main] ERROR GraphElement : action threw exception: java.lang.Exception: Oops.  An exception occurred.
gov.loc.repository.workflow.actionhandlers.ActionHandlerException: java.lang.Exception: Oops.  An exception occurred.
	at gov.loc.repository.workflow.actionhandlers.BaseActionHandler.execute(BaseActionHandler.java:173)
	at org.jbpm.graph.def.Action.execute(Action.java:122)
	at org.jbpm.graph.def.GraphElement.executeAction(GraphElement.java:264)
	at org.jbpm.graph.def.GraphElement.executeActions(GraphElement.java:220)
	at org.jbpm.graph.def.GraphElement.fireAndPropagateEvent(GraphElement.java:190)
	at org.jbpm.graph.def.GraphElement.fireEvent(GraphElement.java:174)
	at org.jbpm.graph.def.Node.enter(Node.java:303)
	at sun.reflect.NativeMethodAccessorImpl.invoke0(Native Method)
	at sun.reflect.NativeMethodAccessorImpl.invoke(NativeMethodAccessorImpl.java:39)
	at sun.reflect.DelegatingMethodAccessorImpl.invoke(DelegatingMethodAccessorImpl.java:25)
	at java.lang.reflect.Method.invoke(Method.java:597)
	at org.hibernate.proxy.pojo.cglib.CGLIBLazyInitializer.invoke(CGLIBLazyInitializer.java:147)
	at org.jbpm.graph.def.Node$$EnhancerByCGLIB$$d8970ee7.enter(<generated>)
	at org.jbpm.graph.def.Transition.take(Transition.java:151)
	at org.jbpm.graph.def.Node.leave(Node.java:394)
	at org.jbpm.graph.node.StartState.leave(StartState.java:70)
	at sun.reflect.NativeMethodAccessorImpl.invoke0(Native Method)
	at sun.reflect.NativeMethodAccessorImpl.invoke(NativeMethodAccessorImpl.java:39)
	at sun.reflect.DelegatingMethodAccessorImpl.invoke(DelegatingMethodAccessorImpl.java:25)
	at java.lang.reflect.Method.invoke(Method.java:597)
	at org.hibernate.proxy.pojo.cglib.CGLIBLazyInitializer.invoke(CGLIBLazyInitializer.java:147)
	at org.jbpm.graph.def.Node$$EnhancerByCGLIB$$d8970ee7.leave(<generated>)
	at org.jbpm.graph.exe.Token.signal(Token.java:195)
	at org.jbpm.graph.exe.Token.signal(Token.java:140)
	at org.jbpm.graph.exe.ProcessInstance.signal(ProcessInstance.java:271)
	at gov.loc.repository.workflow.actionhandlers.ExceptionInActionHandlerTest.executeExceptionInNodeEnterActionHandler(ExceptionInActionHandlerTest.java:147)
	at sun.reflect.NativeMethodAccessorImpl.invoke0(Native Method)
	at sun.reflect.NativeMethodAccessorImpl.invoke(NativeMethodAccessorImpl.java:39)
	at sun.reflect.DelegatingMethodAccessorImpl.invoke(DelegatingMethodAccessorImpl.java:25)
	at java.lang.reflect.Method.invoke(Method.java:597)
	at org.springframework.test.context.junit4.SpringTestMethod.invoke(SpringTestMethod.java:163)
	at org.springframework.test.context.junit4.SpringMethodRoadie.runTestMethod(SpringMethodRoadie.java:233)
	at org.springframework.test.context.junit4.SpringMethodRoadie$RunBeforesThenTestThenAfters.run(SpringMethodRoadie.java:333)
	at org.springframework.test.context.junit4.SpringMethodRoadie.runWithRepetitions(SpringMethodRoadie.java:217)
	at org.springframework.test.context.junit4.SpringMethodRoadie.runTest(SpringMethodRoadie.java:197)
	at org.springframework.test.context.junit4.SpringMethodRoadie.run(SpringMethodRoadie.java:143)
	at org.springframework.test.context.junit4.SpringJUnit4ClassRunner.invokeTestMethod(SpringJUnit4ClassRunner.java:142)
	at org.junit.internal.runners.JUnit4ClassRunner.runMethods(JUnit4ClassRunner.java:51)
	at org.junit.internal.runners.JUnit4ClassRunner$1.run(JUnit4ClassRunner.java:44)
	at org.junit.internal.runners.ClassRoadie.runUnprotected(ClassRoadie.java:27)
	at org.junit.internal.runners.ClassRoadie.runProtected(ClassRoadie.java:37)
	at org.junit.internal.runners.JUnit4ClassRunner.run(JUnit4ClassRunner.java:42)
	at org.apache.maven.surefire.junit4.JUnit4TestSet.execute(JUnit4TestSet.java:62)
	at org.apache.maven.surefire.suite.AbstractDirectoryTestSuite.executeTestSet(AbstractDirectoryTestSuite.java:140)
	at org.apache.maven.surefire.suite.AbstractDirectoryTestSuite.execute(AbstractDirectoryTestSuite.java:127)
	at org.apache.maven.surefire.Surefire.run(Surefire.java:177)
	at sun.reflect.NativeMethodAccessorImpl.invoke0(Native Method)
	at sun.reflect.NativeMethodAccessorImpl.invoke(NativeMethodAccessorImpl.java:39)
	at sun.reflect.DelegatingMethodAccessorImpl.invoke(DelegatingMethodAccessorImpl.java:25)
	at java.lang.reflect.Method.invoke(Method.java:597)
	at org.apache.maven.surefire.booter.SurefireBooter.runSuitesInProcess(SurefireBooter.java:338)
	at org.apache.maven.surefire.booter.SurefireBooter.main(SurefireBooter.java:997)
Caused by: java.lang.Exception: Oops.  An exception occurred.
	at gov.loc.repository.workflow.actionhandlers.ExceptionThrowingActionHandler.execute(ExceptionThrowingActionHandler.java:13)
	at gov.loc.repository.workflow.actionhandlers.BaseActionHandler.execute(BaseActionHandler.java:108)
	... 51 more
19:21:27,578 [main] DEBUG Action : Changing ExceptionThrowingActionHandler to gov.loc.repository.workflow.actionhandlers.ExceptionThrowingActionHandler
19:21:27,578 [main] DEBUG Action : Setting config-type to constructor for gov.loc.repository.workflow.actionhandlers.ExceptionThrowingActionHandler
19:21:27,578 [main] DEBUG Action : Changing RecordingActionHandler to gov.loc.repository.workflow.actionhandlers.RecordingActionHandler
19:21:27,578 [main] DEBUG Action : Setting config-type to constructor for gov.loc.repository.workflow.actionhandlers.RecordingActionHandler
19:21:27,593 [main] WARN  StatefulPersistenceContext : Narrowing proxy to class org.jbpm.graph.node.State - this operation breaks ==
19:21:27,609 [main] DEBUG Action : Changing ExceptionThrowingActionHandler to gov.loc.repository.workflow.actionhandlers.ExceptionThrowingActionHandler
19:21:27,609 [main] DEBUG Action : Setting config-type to constructor for gov.loc.repository.workflow.actionhandlers.ExceptionThrowingActionHandler
19:21:27,609 [main] WARN  JpdlXmlReader : process xml warning: warning: no swimlane or assignment specified for task '<task name="a task">      <event type="task-end">        <action name="a-taskendaction" class="gov.loc.repository.workflow.actionhandlers.ExceptionThrowingActionHandler" config-type="constructor"/>  	 </event>    </task>'
19:21:27,609 [main] DEBUG Action : Changing RecordingActionHandler to gov.loc.repository.workflow.actionhandlers.RecordingActionHandler
19:21:27,625 [main] DEBUG Action : Setting config-type to constructor for gov.loc.repository.workflow.actionhandlers.RecordingActionHandler
19:21:27,625 [main] WARN  JpdlXmlReader : process parse warning: warning: no swimlane or assignment specified for task '<task name="a task">      <event type="task-end">        <action name="a-taskendaction" class="gov.loc.repository.workflow.actionhandlers.ExceptionThrowingActionHandler" config-type="constructor"/>  	 </event>    </task>'
19:21:27,640 [main] WARN  StatefulPersistenceContext : Narrowing proxy to class org.jbpm.graph.node.TaskNode - this operation breaks ==
19:21:27,750 [main] DEBUG BaseActionHandler : Reporting logger name is workflow.test.a.a-taskendaction
19:21:27,750 [main] DEBUG BaseActionHandler : Key base is test.a-taskendaction.ModelerFactory
19:21:27,750 [main] DEBUG BaseActionHandler : Creating object ModelerFactory with method createModelerFactory
19:21:27,750 [main] DEBUG BaseActionHandler : Key base is test.a-taskendaction.PackageModelDAO
19:21:27,750 [main] DEBUG BaseActionHandler : Creating object PackageModelDAO with method createPackageModelDAO
19:21:27,765 [main] ERROR BaseActionHandler : Process instance 10, token 10 threw an exception.  Current node is a.  Current action is a-taskendaction.
java.lang.Exception: Oops.  An exception occurred.
	at gov.loc.repository.workflow.actionhandlers.ExceptionThrowingActionHandler.execute(ExceptionThrowingActionHandler.java:13)
	at gov.loc.repository.workflow.actionhandlers.BaseActionHandler.execute(BaseActionHandler.java:108)
	at org.jbpm.graph.def.Action.execute(Action.java:122)
	at org.jbpm.graph.def.GraphElement.executeAction(GraphElement.java:264)
	at org.jbpm.graph.def.GraphElement.executeActions(GraphElement.java:220)
	at org.jbpm.graph.def.GraphElement.fireAndPropagateEvent(GraphElement.java:190)
	at org.jbpm.graph.def.GraphElement.fireEvent(GraphElement.java:174)
	at gov.loc.repository.workflow.jbpm.taskmgmt.exe.ModifiedTaskInstance.end(ModifiedTaskInstance.java:53)
	at org.jbpm.taskmgmt.exe.TaskInstance.end(TaskInstance.java:427)
	at gov.loc.repository.workflow.actionhandlers.ExceptionInActionHandlerTest.executeExceptionInTaskEndActionHandler(ExceptionInActionHandlerTest.java:289)
	at sun.reflect.NativeMethodAccessorImpl.invoke0(Native Method)
	at sun.reflect.NativeMethodAccessorImpl.invoke(NativeMethodAccessorImpl.java:39)
	at sun.reflect.DelegatingMethodAccessorImpl.invoke(DelegatingMethodAccessorImpl.java:25)
	at java.lang.reflect.Method.invoke(Method.java:597)
	at org.springframework.test.context.junit4.SpringTestMethod.invoke(SpringTestMethod.java:163)
	at org.springframework.test.context.junit4.SpringMethodRoadie.runTestMethod(SpringMethodRoadie.java:233)
	at org.springframework.test.context.junit4.SpringMethodRoadie$RunBeforesThenTestThenAfters.run(SpringMethodRoadie.java:333)
	at org.springframework.test.context.junit4.SpringMethodRoadie.runWithRepetitions(SpringMethodRoadie.java:217)
	at org.springframework.test.context.junit4.SpringMethodRoadie.runTest(SpringMethodRoadie.java:197)
	at org.springframework.test.context.junit4.SpringMethodRoadie.run(SpringMethodRoadie.java:143)
	at org.springframework.test.context.junit4.SpringJUnit4ClassRunner.invokeTestMethod(SpringJUnit4ClassRunner.java:142)
	at org.junit.internal.runners.JUnit4ClassRunner.runMethods(JUnit4ClassRunner.java:51)
	at org.junit.internal.runners.JUnit4ClassRunner$1.run(JUnit4ClassRunner.java:44)
	at org.junit.internal.runners.ClassRoadie.runUnprotected(ClassRoadie.java:27)
	at org.junit.internal.runners.ClassRoadie.runProtected(ClassRoadie.java:37)
	at org.junit.internal.runners.JUnit4ClassRunner.run(JUnit4ClassRunner.java:42)
	at org.apache.maven.surefire.junit4.JUnit4TestSet.execute(JUnit4TestSet.java:62)
	at org.apache.maven.surefire.suite.AbstractDirectoryTestSuite.executeTestSet(AbstractDirectoryTestSuite.java:140)
	at org.apache.maven.surefire.suite.AbstractDirectoryTestSuite.execute(AbstractDirectoryTestSuite.java:127)
	at org.apache.maven.surefire.Surefire.run(Surefire.java:177)
	at sun.reflect.NativeMethodAccessorImpl.invoke0(Native Method)
	at sun.reflect.NativeMethodAccessorImpl.invoke(NativeMethodAccessorImpl.java:39)
	at sun.reflect.DelegatingMethodAccessorImpl.invoke(DelegatingMethodAccessorImpl.java:25)
	at java.lang.reflect.Method.invoke(Method.java:597)
	at org.apache.maven.surefire.booter.SurefireBooter.runSuitesInProcess(SurefireBooter.java:338)
	at org.apache.maven.surefire.booter.SurefireBooter.main(SurefireBooter.java:997)
19:21:27,765 [main] ERROR GraphElement : action threw exception: java.lang.Exception: Oops.  An exception occurred.
gov.loc.repository.workflow.actionhandlers.ActionHandlerException: java.lang.Exception: Oops.  An exception occurred.
	at gov.loc.repository.workflow.actionhandlers.BaseActionHandler.execute(BaseActionHandler.java:173)
	at org.jbpm.graph.def.Action.execute(Action.java:122)
	at org.jbpm.graph.def.GraphElement.executeAction(GraphElement.java:264)
	at org.jbpm.graph.def.GraphElement.executeActions(GraphElement.java:220)
	at org.jbpm.graph.def.GraphElement.fireAndPropagateEvent(GraphElement.java:190)
	at org.jbpm.graph.def.GraphElement.fireEvent(GraphElement.java:174)
	at gov.loc.repository.workflow.jbpm.taskmgmt.exe.ModifiedTaskInstance.end(ModifiedTaskInstance.java:53)
	at org.jbpm.taskmgmt.exe.TaskInstance.end(TaskInstance.java:427)
	at gov.loc.repository.workflow.actionhandlers.ExceptionInActionHandlerTest.executeExceptionInTaskEndActionHandler(ExceptionInActionHandlerTest.java:289)
	at sun.reflect.NativeMethodAccessorImpl.invoke0(Native Method)
	at sun.reflect.NativeMethodAccessorImpl.invoke(NativeMethodAccessorImpl.java:39)
	at sun.reflect.DelegatingMethodAccessorImpl.invoke(DelegatingMethodAccessorImpl.java:25)
	at java.lang.reflect.Method.invoke(Method.java:597)
	at org.springframework.test.context.junit4.SpringTestMethod.invoke(SpringTestMethod.java:163)
	at org.springframework.test.context.junit4.SpringMethodRoadie.runTestMethod(SpringMethodRoadie.java:233)
	at org.springframework.test.context.junit4.SpringMethodRoadie$RunBeforesThenTestThenAfters.run(SpringMethodRoadie.java:333)
	at org.springframework.test.context.junit4.SpringMethodRoadie.runWithRepetitions(SpringMethodRoadie.java:217)
	at org.springframework.test.context.junit4.SpringMethodRoadie.runTest(SpringMethodRoadie.java:197)
	at org.springframework.test.context.junit4.SpringMethodRoadie.run(SpringMethodRoadie.java:143)
	at org.springframework.test.context.junit4.SpringJUnit4ClassRunner.invokeTestMethod(SpringJUnit4ClassRunner.java:142)
	at org.junit.internal.runners.JUnit4ClassRunner.runMethods(JUnit4ClassRunner.java:51)
	at org.junit.internal.runners.JUnit4ClassRunner$1.run(JUnit4ClassRunner.java:44)
	at org.junit.internal.runners.ClassRoadie.runUnprotected(ClassRoadie.java:27)
	at org.junit.internal.runners.ClassRoadie.runProtected(ClassRoadie.java:37)
	at org.junit.internal.runners.JUnit4ClassRunner.run(JUnit4ClassRunner.java:42)
	at org.apache.maven.surefire.junit4.JUnit4TestSet.execute(JUnit4TestSet.java:62)
	at org.apache.maven.surefire.suite.AbstractDirectoryTestSuite.executeTestSet(AbstractDirectoryTestSuite.java:140)
	at org.apache.maven.surefire.suite.AbstractDirectoryTestSuite.execute(AbstractDirectoryTestSuite.java:127)
	at org.apache.maven.surefire.Surefire.run(Surefire.java:177)
	at sun.reflect.NativeMethodAccessorImpl.invoke0(Native Method)
	at sun.reflect.NativeMethodAccessorImpl.invoke(NativeMethodAccessorImpl.java:39)
	at sun.reflect.DelegatingMethodAccessorImpl.invoke(DelegatingMethodAccessorImpl.java:25)
	at java.lang.reflect.Method.invoke(Method.java:597)
	at org.apache.maven.surefire.booter.SurefireBooter.runSuitesInProcess(SurefireBooter.java:338)
	at org.apache.maven.surefire.booter.SurefireBooter.main(SurefireBooter.java:997)
Caused by: java.lang.Exception: Oops.  An exception occurred.
	at gov.loc.repository.workflow.actionhandlers.ExceptionThrowingActionHandler.execute(ExceptionThrowingActionHandler.java:13)
	at gov.loc.repository.workflow.actionhandlers.BaseActionHandler.execute(BaseActionHandler.java:108)
	... 34 more
19:21:27,781 [main] DEBUG Action : Changing RecordingActionHandler to gov.loc.repository.workflow.actionhandlers.RecordingActionHandler
19:21:27,781 [main] DEBUG Action : Setting config-type to constructor for gov.loc.repository.workflow.actionhandlers.RecordingActionHandler
19:21:27,781 [main] DEBUG Action : Changing ExceptionThrowingActionHandler to gov.loc.repository.workflow.actionhandlers.ExceptionThrowingActionHandler
19:21:27,781 [main] DEBUG Action : Setting config-type to constructor for gov.loc.repository.workflow.actionhandlers.ExceptionThrowingActionHandler
19:21:27,937 [main] DEBUG BaseActionHandler : Reporting logger name is workflow.test.no_nodename.continue-transitionaction
19:21:27,937 [main] DEBUG BaseActionHandler : Key base is test.continue-transitionaction.ModelerFactory
19:21:27,937 [main] DEBUG BaseActionHandler : Creating object ModelerFactory with method createModelerFactory
19:21:27,937 [main] DEBUG BaseActionHandler : Key base is test.continue-transitionaction.PackageModelDAO
19:21:27,937 [main] DEBUG BaseActionHandler : Creating object PackageModelDAO with method createPackageModelDAO
19:21:27,937 [main] ERROR BaseActionHandler : Process instance 11, token 11 threw an exception.  Current node is null.  Current action is continue-transitionaction.
java.lang.Exception: Oops.  An exception occurred.
	at gov.loc.repository.workflow.actionhandlers.ExceptionThrowingActionHandler.execute(ExceptionThrowingActionHandler.java:13)
	at gov.loc.repository.workflow.actionhandlers.BaseActionHandler.execute(BaseActionHandler.java:108)
	at org.jbpm.graph.def.Action.execute(Action.java:122)
	at org.jbpm.graph.def.GraphElement.executeAction(GraphElement.java:264)
	at org.jbpm.graph.def.GraphElement.executeActions(GraphElement.java:220)
	at org.jbpm.graph.def.GraphElement.fireAndPropagateEvent(GraphElement.java:190)
	at org.jbpm.graph.def.GraphElement.fireEvent(GraphElement.java:174)
	at org.jbpm.graph.def.Transition.take(Transition.java:138)
	at org.jbpm.graph.def.Node.leave(Node.java:394)
	at org.jbpm.graph.exe.Token.signal(Token.java:195)
	at org.jbpm.graph.exe.Token.signal(Token.java:158)
	at org.jbpm.graph.exe.ProcessInstance.signal(ProcessInstance.java:283)
	at gov.loc.repository.workflow.actionhandlers.ExceptionInActionHandlerTest.executeExceptionInTransitionActionHandler(ExceptionInActionHandlerTest.java:356)
	at sun.reflect.NativeMethodAccessorImpl.invoke0(Native Method)
	at sun.reflect.NativeMethodAccessorImpl.invoke(NativeMethodAccessorImpl.java:39)
	at sun.reflect.DelegatingMethodAccessorImpl.invoke(DelegatingMethodAccessorImpl.java:25)
	at java.lang.reflect.Method.invoke(Method.java:597)
	at org.springframework.test.context.junit4.SpringTestMethod.invoke(SpringTestMethod.java:163)
	at org.springframework.test.context.junit4.SpringMethodRoadie.runTestMethod(SpringMethodRoadie.java:233)
	at org.springframework.test.context.junit4.SpringMethodRoadie$RunBeforesThenTestThenAfters.run(SpringMethodRoadie.java:333)
	at org.springframework.test.context.junit4.SpringMethodRoadie.runWithRepetitions(SpringMethodRoadie.java:217)
	at org.springframework.test.context.junit4.SpringMethodRoadie.runTest(SpringMethodRoadie.java:197)
	at org.springframework.test.context.junit4.SpringMethodRoadie.run(SpringMethodRoadie.java:143)
	at org.springframework.test.context.junit4.SpringJUnit4ClassRunner.invokeTestMethod(SpringJUnit4ClassRunner.java:142)
	at org.junit.internal.runners.JUnit4ClassRunner.runMethods(JUnit4ClassRunner.java:51)
	at org.junit.internal.runners.JUnit4ClassRunner$1.run(JUnit4ClassRunner.java:44)
	at org.junit.internal.runners.ClassRoadie.runUnprotected(ClassRoadie.java:27)
	at org.junit.internal.runners.ClassRoadie.runProtected(ClassRoadie.java:37)
	at org.junit.internal.runners.JUnit4ClassRunner.run(JUnit4ClassRunner.java:42)
	at org.apache.maven.surefire.junit4.JUnit4TestSet.execute(JUnit4TestSet.java:62)
	at org.apache.maven.surefire.suite.AbstractDirectoryTestSuite.executeTestSet(AbstractDirectoryTestSuite.java:140)
	at org.apache.maven.surefire.suite.AbstractDirectoryTestSuite.execute(AbstractDirectoryTestSuite.java:127)
	at org.apache.maven.surefire.Surefire.run(Surefire.java:177)
	at sun.reflect.NativeMethodAccessorImpl.invoke0(Native Method)
	at sun.reflect.NativeMethodAccessorImpl.invoke(NativeMethodAccessorImpl.java:39)
	at sun.reflect.DelegatingMethodAccessorImpl.invoke(DelegatingMethodAccessorImpl.java:25)
	at java.lang.reflect.Method.invoke(Method.java:597)
	at org.apache.maven.surefire.booter.SurefireBooter.runSuitesInProcess(SurefireBooter.java:338)
	at org.apache.maven.surefire.booter.SurefireBooter.main(SurefireBooter.java:997)
19:21:27,953 [main] ERROR GraphElement : action threw exception: java.lang.Exception: Oops.  An exception occurred.
gov.loc.repository.workflow.actionhandlers.ActionHandlerException: java.lang.Exception: Oops.  An exception occurred.
	at gov.loc.repository.workflow.actionhandlers.BaseActionHandler.execute(BaseActionHandler.java:173)
	at org.jbpm.graph.def.Action.execute(Action.java:122)
	at org.jbpm.graph.def.GraphElement.executeAction(GraphElement.java:264)
	at org.jbpm.graph.def.GraphElement.executeActions(GraphElement.java:220)
	at org.jbpm.graph.def.GraphElement.fireAndPropagateEvent(GraphElement.java:190)
	at org.jbpm.graph.def.GraphElement.fireEvent(GraphElement.java:174)
	at org.jbpm.graph.def.Transition.take(Transition.java:138)
	at org.jbpm.graph.def.Node.leave(Node.java:394)
	at org.jbpm.graph.exe.Token.signal(Token.java:195)
	at org.jbpm.graph.exe.Token.signal(Token.java:158)
	at org.jbpm.graph.exe.ProcessInstance.signal(ProcessInstance.java:283)
	at gov.loc.repository.workflow.actionhandlers.ExceptionInActionHandlerTest.executeExceptionInTransitionActionHandler(ExceptionInActionHandlerTest.java:356)
	at sun.reflect.NativeMethodAccessorImpl.invoke0(Native Method)
	at sun.reflect.NativeMethodAccessorImpl.invoke(NativeMethodAccessorImpl.java:39)
	at sun.reflect.DelegatingMethodAccessorImpl.invoke(DelegatingMethodAccessorImpl.java:25)
	at java.lang.reflect.Method.invoke(Method.java:597)
	at org.springframework.test.context.junit4.SpringTestMethod.invoke(SpringTestMethod.java:163)
	at org.springframework.test.context.junit4.SpringMethodRoadie.runTestMethod(SpringMethodRoadie.java:233)
	at org.springframework.test.context.junit4.SpringMethodRoadie$RunBeforesThenTestThenAfters.run(SpringMethodRoadie.java:333)
	at org.springframework.test.context.junit4.SpringMethodRoadie.runWithRepetitions(SpringMethodRoadie.java:217)
	at org.springframework.test.context.junit4.SpringMethodRoadie.runTest(SpringMethodRoadie.java:197)
	at org.springframework.test.context.junit4.SpringMethodRoadie.run(SpringMethodRoadie.java:143)
	at org.springframework.test.context.junit4.SpringJUnit4ClassRunner.invokeTestMethod(SpringJUnit4ClassRunner.java:142)
	at org.junit.internal.runners.JUnit4ClassRunner.runMethods(JUnit4ClassRunner.java:51)
	at org.junit.internal.runners.JUnit4ClassRunner$1.run(JUnit4ClassRunner.java:44)
	at org.junit.internal.runners.ClassRoadie.runUnprotected(ClassRoadie.java:27)
	at org.junit.internal.runners.ClassRoadie.runProtected(ClassRoadie.java:37)
	at org.junit.internal.runners.JUnit4ClassRunner.run(JUnit4ClassRunner.java:42)
	at org.apache.maven.surefire.junit4.JUnit4TestSet.execute(JUnit4TestSet.java:62)
	at org.apache.maven.surefire.suite.AbstractDirectoryTestSuite.executeTestSet(AbstractDirectoryTestSuite.java:140)
	at org.apache.maven.surefire.suite.AbstractDirectoryTestSuite.execute(AbstractDirectoryTestSuite.java:127)
	at org.apache.maven.surefire.Surefire.run(Surefire.java:177)
	at sun.reflect.NativeMethodAccessorImpl.invoke0(Native Method)
	at sun.reflect.NativeMethodAccessorImpl.invoke(NativeMethodAccessorImpl.java:39)
	at sun.reflect.DelegatingMethodAccessorImpl.invoke(DelegatingMethodAccessorImpl.java:25)
	at java.lang.reflect.Method.invoke(Method.java:597)
	at org.apache.maven.surefire.booter.SurefireBooter.runSuitesInProcess(SurefireBooter.java:338)
	at org.apache.maven.surefire.booter.SurefireBooter.main(SurefireBooter.java:997)
Caused by: java.lang.Exception: Oops.  An exception occurred.
	at gov.loc.repository.workflow.actionhandlers.ExceptionThrowingActionHandler.execute(ExceptionThrowingActionHandler.java:13)
	at gov.loc.repository.workflow.actionhandlers.BaseActionHandler.execute(BaseActionHandler.java:108)
	... 37 more
Tests run: 5, Failures: 0, Errors: 0, Skipped: 0, Time elapsed: 0.891 sec
Running gov.loc.repository.workflow.actionhandlers.AddExternalFileLocationActionHandlerTest
19:21:27,968 [main] INFO  HibernateUtil : Preparing connection for SUPER_USER
19:21:28,000 [main] INFO  HibernateUtil : Creating schemas
19:21:28,000 [main] DEBUG HibernateUtil : Schema core exists already
19:21:28,000 [main] DEBUG HibernateUtil : Schema agent exists already
19:21:28,000 [main] INFO  HibernateUtil : Dropping database
19:21:28,015 [main] INFO  HibernateUtil : Creating database
19:21:28,015 [main] ERROR SchemaExport : Unsuccessful: alter table core.event_file_examination_group add constraint FK83AF4BF33BC993B6 foreign key (performing_agent_key) references agent.agent
19:21:28,015 [main] ERROR SchemaExport : invalid schema name: AGENT in statement [alter table core.event_file_examination_group add constraint FK83AF4BF33BC993B6 foreign key (performing_agent_key) references agent.agent]
19:21:28,015 [main] ERROR SchemaExport : Unsuccessful: alter table core.event_file_examination_group add constraint FK83AF4BF3AEED74C3 foreign key (reporting_agent_key) references agent.agent
19:21:28,015 [main] ERROR SchemaExport : invalid schema name: AGENT in statement [alter table core.event_file_examination_group add constraint FK83AF4BF3AEED74C3 foreign key (reporting_agent_key) references agent.agent]
19:21:28,015 [main] ERROR SchemaExport : Unsuccessful: alter table core.event_file_examination_group add constraint FK83AF4BF3B7A8A348 foreign key (requesting_agent_key) references agent.agent
19:21:28,015 [main] ERROR SchemaExport : invalid schema name: AGENT in statement [alter table core.event_file_examination_group add constraint FK83AF4BF3B7A8A348 foreign key (requesting_agent_key) references agent.agent]
19:21:28,015 [main] ERROR SchemaExport : Unsuccessful: alter table core.event_file_location add constraint FKE01DF633D882A5E9 foreign key (repository_system_key) references agent.agent
19:21:28,015 [main] ERROR SchemaExport : invalid schema name: AGENT in statement [alter table core.event_file_location add constraint FKE01DF633D882A5E9 foreign key (repository_system_key) references agent.agent]
19:21:28,015 [main] ERROR SchemaExport : Unsuccessful: alter table core.event_file_location add constraint FKE01DF6333BC993B6 foreign key (performing_agent_key) references agent.agent
19:21:28,015 [main] ERROR SchemaExport : invalid schema name: AGENT in statement [alter table core.event_file_location add constraint FKE01DF6333BC993B6 foreign key (performing_agent_key) references agent.agent]
19:21:28,015 [main] ERROR SchemaExport : Unsuccessful: alter table core.event_file_location add constraint FKE01DF633AEED74C3 foreign key (reporting_agent_key) references agent.agent
19:21:28,015 [main] ERROR SchemaExport : invalid schema name: AGENT in statement [alter table core.event_file_location add constraint FKE01DF633AEED74C3 foreign key (reporting_agent_key) references agent.agent]
19:21:28,015 [main] ERROR SchemaExport : Unsuccessful: alter table core.event_file_location add constraint FKE01DF633B7A8A348 foreign key (requesting_agent_key) references agent.agent
19:21:28,015 [main] ERROR SchemaExport : invalid schema name: AGENT in statement [alter table core.event_file_location add constraint FKE01DF633B7A8A348 foreign key (requesting_agent_key) references agent.agent]
19:21:28,015 [main] ERROR SchemaExport : Unsuccessful: alter table core.event_package add constraint FKE6D413A13BC993B6 foreign key (performing_agent_key) references agent.agent
19:21:28,015 [main] ERROR SchemaExport : invalid schema name: AGENT in statement [alter table core.event_package add constraint FKE6D413A13BC993B6 foreign key (performing_agent_key) references agent.agent]
19:21:28,015 [main] ERROR SchemaExport : Unsuccessful: alter table core.event_package add constraint FKE6D413A1AEED74C3 foreign key (reporting_agent_key) references agent.agent
19:21:28,015 [main] ERROR SchemaExport : invalid schema name: AGENT in statement [alter table core.event_package add constraint FKE6D413A1AEED74C3 foreign key (reporting_agent_key) references agent.agent]
19:21:28,015 [main] ERROR SchemaExport : Unsuccessful: alter table core.event_package add constraint FKE6D413A1B7A8A348 foreign key (requesting_agent_key) references agent.agent
19:21:28,015 [main] ERROR SchemaExport : invalid schema name: AGENT in statement [alter table core.event_package add constraint FKE6D413A1B7A8A348 foreign key (requesting_agent_key) references agent.agent]
19:21:28,031 [main] ERROR SchemaExport : Unsuccessful: alter table core.storagesystem_filelocation add constraint FK78BB12E6557FE28F foreign key (storagesystem_key) references agent.agent
19:21:28,031 [main] ERROR SchemaExport : invalid schema name: AGENT in statement [alter table core.storagesystem_filelocation add constraint FK78BB12E6557FE28F foreign key (storagesystem_key) references agent.agent]
19:21:28,031 [main] INFO  ModelerFactoryImpl : Created Package with id foo_alpha1 that is part of Repository with id foo
19:21:28,031 [main] DEBUG Action : Changing AddExternalFileLocationActionHandler to gov.loc.repository.workflow.actionhandlers.AddExternalFileLocationActionHandler
19:21:28,031 [main] DEBUG Action : Setting config-type to constructor for gov.loc.repository.workflow.actionhandlers.AddExternalFileLocationActionHandler
19:21:28,046 [main] WARN  BaseActionHandler : Not operating in jbpmContext, so can't get beans from Spring application context
19:21:28,046 [main] DEBUG BaseActionHandler : Reporting logger name is workflow.no_processdefinitionname.no_nodename.add external file location
19:21:28,046 [main] DEBUG BaseActionHandler : Key base is null.add_external_file_location.ModelerFactory
19:21:28,046 [main] DEBUG BaseActionHandler : Creating object ModelerFactory with method createModelerFactory
19:21:28,046 [main] DEBUG BaseActionHandler : Key base is null.add_external_file_location.PackageModelDAO
19:21:28,046 [main] DEBUG BaseActionHandler : Creating object PackageModelDAO with method createPackageModelDAO
19:21:28,046 [main] INFO  ModelerFactoryImpl : Created External File Location that is identified by External Identifier with value abcdef1234 and type SERIAL_NUMBER and is part of Package with id foo_alpha1 that is part of Repository with id foo
19:21:28,046 [main] DEBUG AddExternalFileLocationActionHandler : Adding External File Location with identifier value abcdef1234 and identifier type SERIAL_NUMBER to Package with id foo_alpha1 that is part of Repository with id foo
Tests run: 1, Failures: 0, Errors: 0, Skipped: 0, Time elapsed: 0.094 sec
Running gov.loc.repository.workflow.actionhandlers.BaseActionHandlerTest
19:21:28,421 [main] DEBUG BaseActionHandler : Key base is none.String
19:21:28,421 [main] DEBUG BaseActionHandler : Creating object String with method createString
19:21:28,546 [main] DEBUG BaseActionHandler : Key base is none.Integer
19:21:28,546 [main] DEBUG BaseActionHandler : Creating object Integer with method createInteger
19:21:28,687 [main] DEBUG BaseActionHandler : Key base is none.String
19:21:28,687 [main] DEBUG BaseActionHandler : Configuration key none.String.factorymethod has value gov.loc.repository.workflow.actionhandlers.BaseActionHandlerTest.createAString
19:21:28,687 [main] DEBUG BaseActionHandler : Creating object String with class gov.loc.repository.workflow.actionhandlers.BaseActionHandlerTest and method createAString
19:21:28,718 [Thread-1] DEBUG CompletedServiceRequestListener : Done sleeping
19:21:28,718 [Thread-1] DEBUG CompletedServiceRequestListener : Stopped
19:21:28,796 [main] DEBUG BaseActionHandler : Key base is none.FileFilter
19:21:28,796 [main] DEBUG BaseActionHandler : Configuration key none.FileFilter.queue has value testqueue
19:21:28,906 [main] DEBUG BaseActionHandler : Key base is none.TestComponent
19:21:28,906 [main] DEBUG BaseActionHandler : Configuration key none.TestComponent.queue has value jobQueue
19:21:29,015 [main] WARN  BaseActionHandler : Not operating in jbpmContext, so can't get beans from Spring application context
19:21:29,015 [main] DEBUG BaseActionHandler : Reporting logger name is workflow.null_executioncontext
19:21:29,015 [main] DEBUG BaseActionHandler : Key base is none.ModelerFactory
19:21:29,015 [main] DEBUG BaseActionHandler : Creating object ModelerFactory with method createModelerFactory
19:21:29,015 [main] DEBUG BaseActionHandler : Key base is none.PackageModelDAO
19:21:29,015 [main] DEBUG BaseActionHandler : Creating object PackageModelDAO with method createPackageModelDAO
19:21:29,015 [main] DEBUG BaseActionHandler : Requested to leave node via b
19:21:29,140 [main] DEBUG Action : Changing DummyActionHandler to gov.loc.repository.workflow.actionhandlers.DummyActionHandler
19:21:29,140 [main] DEBUG Action : Setting config-type to constructor for gov.loc.repository.workflow.actionhandlers.DummyActionHandler
19:21:29,140 [main] WARN  BaseActionHandler : Not operating in jbpmContext, so can't get beans from Spring application context
19:21:29,140 [main] DEBUG BaseActionHandler : Reporting logger name is workflow.no_processdefinitionname.a.no_actionname
19:21:29,140 [main] DEBUG BaseActionHandler : Key base is null.ModelerFactory
19:21:29,140 [main] DEBUG BaseActionHandler : Creating object ModelerFactory with method createModelerFactory
19:21:29,140 [main] DEBUG BaseActionHandler : Key base is null.PackageModelDAO
19:21:29,140 [main] DEBUG BaseActionHandler : Creating object PackageModelDAO with method createPackageModelDAO
19:21:29,140 [main] DEBUG BaseActionHandler : Requested to leave node via b
19:21:29,250 [main] DEBUG Action : Changing DummyActionHandler to gov.loc.repository.workflow.actionhandlers.DummyActionHandler
19:21:29,250 [main] DEBUG Action : Setting config-type to constructor for gov.loc.repository.workflow.actionhandlers.DummyActionHandler
19:21:29,250 [main] WARN  BaseActionHandler : Not operating in jbpmContext, so can't get beans from Spring application context
19:21:29,250 [main] DEBUG BaseActionHandler : Reporting logger name is workflow.no_processdefinitionname.a.no_actionname
19:21:29,250 [main] DEBUG BaseActionHandler : Key base is null.ModelerFactory
19:21:29,250 [main] DEBUG BaseActionHandler : Creating object ModelerFactory with method createModelerFactory
19:21:29,250 [main] DEBUG BaseActionHandler : Key base is null.PackageModelDAO
19:21:29,250 [main] DEBUG BaseActionHandler : Creating object PackageModelDAO with method createPackageModelDAO
19:21:29,250 [main] ERROR GraphElement : action threw exception: null
java.lang.NullPointerException
	at gov.loc.repository.workflow.actionhandlers.BaseActionHandler.execute(BaseActionHandler.java:147)
	at org.jbpm.graph.def.Action.execute(Action.java:122)
	at org.jbpm.graph.def.GraphElement.executeAction(GraphElement.java:264)
	at org.jbpm.graph.def.Node.execute(Node.java:339)
	at org.jbpm.graph.def.Node.enter(Node.java:319)
	at org.jbpm.graph.def.Transition.take(Transition.java:151)
	at org.jbpm.graph.def.Node.leave(Node.java:394)
	at org.jbpm.graph.node.StartState.leave(StartState.java:70)
	at org.jbpm.graph.exe.Token.signal(Token.java:195)
	at org.jbpm.graph.exe.Token.signal(Token.java:140)
	at org.jbpm.graph.exe.ProcessInstance.signal(ProcessInstance.java:271)
	at gov.loc.repository.workflow.actionhandlers.BaseActionHandlerTest.testMissingRequiredField(BaseActionHandlerTest.java:131)
	at sun.reflect.NativeMethodAccessorImpl.invoke0(Native Method)
	at sun.reflect.NativeMethodAccessorImpl.invoke(NativeMethodAccessorImpl.java:39)
	at sun.reflect.DelegatingMethodAccessorImpl.invoke(DelegatingMethodAccessorImpl.java:25)
	at java.lang.reflect.Method.invoke(Method.java:597)
	at org.junit.internal.runners.TestMethod.invoke(TestMethod.java:59)
	at org.junit.internal.runners.MethodRoadie.runTestMethod(MethodRoadie.java:98)
	at org.junit.internal.runners.MethodRoadie$2.run(MethodRoadie.java:79)
	at org.junit.internal.runners.MethodRoadie.runBeforesThenTestThenAfters(MethodRoadie.java:87)
	at org.junit.internal.runners.MethodRoadie.runTest(MethodRoadie.java:77)
	at org.junit.internal.runners.MethodRoadie.run(MethodRoadie.java:42)
	at org.junit.internal.runners.JUnit4ClassRunner.invokeTestMethod(JUnit4ClassRunner.java:88)
	at org.junit.internal.runners.JUnit4ClassRunner.runMethods(JUnit4ClassRunner.java:51)
	at org.junit.internal.runners.JUnit4ClassRunner$1.run(JUnit4ClassRunner.java:44)
	at org.junit.internal.runners.ClassRoadie.runUnprotected(ClassRoadie.java:27)
	at org.junit.internal.runners.ClassRoadie.runProtected(ClassRoadie.java:37)
	at org.junit.internal.runners.JUnit4ClassRunner.run(JUnit4ClassRunner.java:42)
	at org.apache.maven.surefire.junit4.JUnit4TestSet.execute(JUnit4TestSet.java:62)
	at org.apache.maven.surefire.suite.AbstractDirectoryTestSuite.executeTestSet(AbstractDirectoryTestSuite.java:140)
	at org.apache.maven.surefire.suite.AbstractDirectoryTestSuite.execute(AbstractDirectoryTestSuite.java:127)
	at org.apache.maven.surefire.Surefire.run(Surefire.java:177)
	at sun.reflect.NativeMethodAccessorImpl.invoke0(Native Method)
	at sun.reflect.NativeMethodAccessorImpl.invoke(NativeMethodAccessorImpl.java:39)
	at sun.reflect.DelegatingMethodAccessorImpl.invoke(DelegatingMethodAccessorImpl.java:25)
	at java.lang.reflect.Method.invoke(Method.java:597)
	at org.apache.maven.surefire.booter.SurefireBooter.runSuitesInProcess(SurefireBooter.java:338)
	at org.apache.maven.surefire.booter.SurefireBooter.main(SurefireBooter.java:997)
19:21:29,359 [main] DEBUG Action : Changing DummyActionHandler to gov.loc.repository.workflow.actionhandlers.DummyActionHandler
19:21:29,359 [main] DEBUG Action : Setting config-type to constructor for gov.loc.repository.workflow.actionhandlers.DummyActionHandler
19:21:29,359 [main] DEBUG FieldInstantiator : Context variable name is contextvariable
19:21:29,359 [main] DEBUG FieldInstantiator : Setting field configField to foo
19:21:29,359 [main] WARN  BaseActionHandler : Not operating in jbpmContext, so can't get beans from Spring application context
19:21:29,359 [main] DEBUG BaseActionHandler : Reporting logger name is workflow.no_processdefinitionname.a.no_actionname
19:21:29,375 [main] DEBUG BaseActionHandler : Key base is null.ModelerFactory
19:21:29,375 [main] DEBUG BaseActionHandler : Creating object ModelerFactory with method createModelerFactory
19:21:29,375 [main] DEBUG BaseActionHandler : Key base is null.PackageModelDAO
19:21:29,375 [main] DEBUG BaseActionHandler : Creating object PackageModelDAO with method createPackageModelDAO
19:21:29,375 [main] DEBUG BaseActionHandler : Requested to leave node via b
19:21:29,468 [main] DEBUG Action : Changing DummyActionHandler to gov.loc.repository.workflow.actionhandlers.DummyActionHandler
19:21:29,468 [main] DEBUG Action : Setting config-type to constructor for gov.loc.repository.workflow.actionhandlers.DummyActionHandler
19:21:29,468 [main] WARN  BaseActionHandler : Not operating in jbpmContext, so can't get beans from Spring application context
19:21:29,468 [main] DEBUG BaseActionHandler : Reporting logger name is workflow.no_processdefinitionname.a.no_actionname
19:21:29,468 [main] DEBUG BaseActionHandler : Key base is null.ModelerFactory
19:21:29,484 [main] DEBUG BaseActionHandler : Creating object ModelerFactory with method createModelerFactory
19:21:29,484 [main] DEBUG BaseActionHandler : Key base is null.PackageModelDAO
19:21:29,484 [main] DEBUG BaseActionHandler : Creating object PackageModelDAO with method createPackageModelDAO
19:21:29,484 [main] DEBUG BaseActionHandler : Requested to leave node via b
19:21:29,578 [main] DEBUG Action : Changing DummyActionHandler to gov.loc.repository.workflow.actionhandlers.DummyActionHandler
19:21:29,578 [main] DEBUG Action : Setting config-type to constructor for gov.loc.repository.workflow.actionhandlers.DummyActionHandler
19:21:29,578 [main] WARN  BaseActionHandler : Not operating in jbpmContext, so can't get beans from Spring application context
19:21:29,578 [main] DEBUG BaseActionHandler : Reporting logger name is workflow.no_processdefinitionname.a.no_actionname
19:21:29,578 [main] DEBUG BaseActionHandler : Key base is null.ModelerFactory
19:21:29,578 [main] DEBUG BaseActionHandler : Creating object ModelerFactory with method createModelerFactory
19:21:29,578 [main] DEBUG BaseActionHandler : Key base is null.PackageModelDAO
19:21:29,578 [main] DEBUG BaseActionHandler : Creating object PackageModelDAO with method createPackageModelDAO
19:21:29,578 [main] ERROR GraphElement : action threw exception: null
java.lang.NullPointerException
	at gov.loc.repository.workflow.actionhandlers.BaseActionHandler.execute(BaseActionHandler.java:147)
	at org.jbpm.graph.def.Action.execute(Action.java:122)
	at org.jbpm.graph.def.GraphElement.executeAction(GraphElement.java:264)
	at org.jbpm.graph.def.Node.execute(Node.java:339)
	at org.jbpm.graph.def.Node.enter(Node.java:319)
	at org.jbpm.graph.def.Transition.take(Transition.java:151)
	at org.jbpm.graph.def.Node.leave(Node.java:394)
	at org.jbpm.graph.node.StartState.leave(StartState.java:70)
	at org.jbpm.graph.exe.Token.signal(Token.java:195)
	at org.jbpm.graph.exe.Token.signal(Token.java:140)
	at org.jbpm.graph.exe.ProcessInstance.signal(ProcessInstance.java:271)
	at gov.loc.repository.workflow.actionhandlers.BaseActionHandlerTest.testDeclaringBadTransition(BaseActionHandlerTest.java:210)
	at sun.reflect.NativeMethodAccessorImpl.invoke0(Native Method)
	at sun.reflect.NativeMethodAccessorImpl.invoke(NativeMethodAccessorImpl.java:39)
	at sun.reflect.DelegatingMethodAccessorImpl.invoke(DelegatingMethodAccessorImpl.java:25)
	at java.lang.reflect.Method.invoke(Method.java:597)
	at org.junit.internal.runners.TestMethod.invoke(TestMethod.java:59)
	at org.junit.internal.runners.MethodRoadie.runTestMethod(MethodRoadie.java:98)
	at org.junit.internal.runners.MethodRoadie$2.run(MethodRoadie.java:79)
	at org.junit.internal.runners.MethodRoadie.runBeforesThenTestThenAfters(MethodRoadie.java:87)
	at org.junit.internal.runners.MethodRoadie.runTest(MethodRoadie.java:77)
	at org.junit.internal.runners.MethodRoadie.run(MethodRoadie.java:42)
	at org.junit.internal.runners.JUnit4ClassRunner.invokeTestMethod(JUnit4ClassRunner.java:88)
	at org.junit.internal.runners.JUnit4ClassRunner.runMethods(JUnit4ClassRunner.java:51)
	at org.junit.internal.runners.JUnit4ClassRunner$1.run(JUnit4ClassRunner.java:44)
	at org.junit.internal.runners.ClassRoadie.runUnprotected(ClassRoadie.java:27)
	at org.junit.internal.runners.ClassRoadie.runProtected(ClassRoadie.java:37)
	at org.junit.internal.runners.JUnit4ClassRunner.run(JUnit4ClassRunner.java:42)
	at org.apache.maven.surefire.junit4.JUnit4TestSet.execute(JUnit4TestSet.java:62)
	at org.apache.maven.surefire.suite.AbstractDirectoryTestSuite.executeTestSet(AbstractDirectoryTestSuite.java:140)
	at org.apache.maven.surefire.suite.AbstractDirectoryTestSuite.execute(AbstractDirectoryTestSuite.java:127)
	at org.apache.maven.surefire.Surefire.run(Surefire.java:177)
	at sun.reflect.NativeMethodAccessorImpl.invoke0(Native Method)
	at sun.reflect.NativeMethodAccessorImpl.invoke(NativeMethodAccessorImpl.java:39)
	at sun.reflect.DelegatingMethodAccessorImpl.invoke(DelegatingMethodAccessorImpl.java:25)
	at java.lang.reflect.Method.invoke(Method.java:597)
	at org.apache.maven.surefire.booter.SurefireBooter.runSuitesInProcess(SurefireBooter.java:338)
	at org.apache.maven.surefire.booter.SurefireBooter.main(SurefireBooter.java:997)
19:21:29,687 [main] DEBUG Action : Changing DummyActionHandler to gov.loc.repository.workflow.actionhandlers.DummyActionHandler
19:21:29,687 [main] DEBUG Action : Setting config-type to constructor for gov.loc.repository.workflow.actionhandlers.DummyActionHandler
19:21:29,687 [main] DEBUG FieldInstantiator : Context variable name is listContextVariable
19:21:29,687 [main] DEBUG FieldInstantiator : Setting field listConfigField to [foo, ${contextVariable}]
19:21:29,687 [main] WARN  BaseActionHandler : Not operating in jbpmContext, so can't get beans from Spring application context
19:21:29,687 [main] DEBUG BaseActionHandler : Reporting logger name is workflow.no_processdefinitionname.a.no_actionname
19:21:29,687 [main] DEBUG BaseActionHandler : Key base is null.ModelerFactory
19:21:29,687 [main] DEBUG BaseActionHandler : Creating object ModelerFactory with method createModelerFactory
19:21:29,687 [main] DEBUG BaseActionHandler : Key base is null.PackageModelDAO
19:21:29,687 [main] DEBUG BaseActionHandler : Creating object PackageModelDAO with method createPackageModelDAO
19:21:29,687 [main] DEBUG BaseActionHandler : Requested to leave node via b
19:21:29,781 [main] DEBUG Action : Changing DummyActionHandler to gov.loc.repository.workflow.actionhandlers.DummyActionHandler
19:21:29,781 [main] DEBUG Action : Setting config-type to constructor for gov.loc.repository.workflow.actionhandlers.DummyActionHandler
19:21:29,796 [main] DEBUG FieldInstantiator : Context variable name is mapContextVariable
19:21:29,796 [main] DEBUG FieldInstantiator : Setting field mapConfigField to {v1=foo, v2=${contextVariable}}
19:21:29,796 [main] WARN  BaseActionHandler : Not operating in jbpmContext, so can't get beans from Spring application context
19:21:29,796 [main] DEBUG BaseActionHandler : Reporting logger name is workflow.no_processdefinitionname.a.no_actionname
19:21:29,796 [main] DEBUG BaseActionHandler : Key base is null.ModelerFactory
19:21:29,796 [main] DEBUG BaseActionHandler : Creating object ModelerFactory with method createModelerFactory
19:21:29,796 [main] DEBUG BaseActionHandler : Key base is null.PackageModelDAO
19:21:29,796 [main] DEBUG BaseActionHandler : Creating object PackageModelDAO with method createPackageModelDAO
19:21:29,796 [main] DEBUG BaseActionHandler : Requested to leave node via b
Tests run: 13, Failures: 0, Errors: 0, Skipped: 0, Time elapsed: 1.75 sec

Results :

Tests run: 34, Failures: 0, Errors: 0, Skipped: 0

19:21:29,812 [Thread-0] DEBUG JbpmFactoryLocator : removing factory references under key jbpmConfiguration
19:21:29,828 [Thread-0] INFO  AbstractSessionFactoryBean : Closing Hibernate SessionFactory
[INFO] ------------------------------------------------------------------------
[INFO] BUILD SUCCESSFUL
[INFO] ------------------------------------------------------------------------
[INFO] Total time: 23 seconds
[INFO] Finished at: Tue May 20 19:21:29 EDT 2008
[INFO] Final Memory: 16M/32M
[INFO] ------------------------------------------------------------------------
